<?xml version="1.0" encoding="UTF-8"?>
<coverage generated="1554882104579" clover="3.2.0">
  <project timestamp="1554882104579" name="All files">
    <metrics statements="20" coveredstatements="0" conditionals="302" coveredconditionals="0" methods="87" coveredmethods="0" elements="409" coveredelements="0" complexity="0" loc="20" ncloc="20" packages="5" files="6" classes="6"/>
    <package name="image-screen-shoot">
      <metrics statements="4" coveredstatements="0" conditionals="0" coveredconditionals="0" methods="0" coveredmethods="0"/>
      <file name="webpack.config.js" path="D:\tianjiacheng\image-screen-shoot\webpack.config.js">
        <metrics statements="4" coveredstatements="0" conditionals="0" coveredconditionals="0" methods="0" coveredmethods="0"/>
        <line num="2" count="0" type="stmt"/>
        <line num="3" count="0" type="stmt"/>
        <line num="4" count="0" type="stmt"/>
        <line num="5" count="0" type="stmt"/>
      </file>
    </package>
    <package name="image-screen-shoot.dist">
      <metrics statements="1" coveredstatements="0" conditionals="298" coveredconditionals="0" methods="80" coveredmethods="0"/>
      <file name="imageShoot-tjc.js" path="D:\tianjiacheng\image-screen-shoot\dist\imageShoot-tjc.js">
        <metrics statements="1" coveredstatements="0" conditionals="298" coveredconditionals="0" methods="80" coveredmethods="0"/>
        <line num="1" count="0" type="cond" truecount="0" falsecount="298"/>
      </file>
    </package>
    <package name="image-screen-shoot.src">
      <metrics statements="3" coveredstatements="0" conditionals="0" coveredconditionals="0" methods="1" coveredmethods="0"/>
      <file name="main.js" path="D:\tianjiacheng\image-screen-shoot\src\main.js">
        <metrics statements="3" coveredstatements="0" conditionals="0" coveredconditionals="0" methods="1" coveredmethods="0"/>
        <line num="4" count="0" type="stmt"/>
        <line num="5" count="0" type="stmt"/>
        <line num="6" count="0" type="stmt"/>
      </file>
    </package>
    <package name="image-screen-shoot.src.components.image-screen-shoot">
      <metrics statements="6" coveredstatements="0" conditionals="4" coveredconditionals="0" methods="1" coveredmethods="0"/>
      <file name="index.js" path="D:\tianjiacheng\image-screen-shoot\src\components\image-screen-shoot\index.js">
        <metrics statements="6" coveredstatements="0" conditionals="4" coveredconditionals="0" methods="1" coveredmethods="0"/>
        <line num="3" count="0" type="stmt"/>
        <line num="5" count="0" type="stmt"/>
        <line num="6" count="0" type="stmt"/>
        <line num="7" count="0" type="stmt"/>
        <line num="12" count="0" type="cond" truecount="0" falsecount="4"/>
        <line num="13" count="0" type="stmt"/>
      </file>
    </package>
    <package name="image-screen-shoot.stories">
      <metrics statements="6" coveredstatements="0" conditionals="0" coveredconditionals="0" methods="5" coveredmethods="0"/>
      <file name="MyButton.js" path="D:\tianjiacheng\image-screen-shoot\stories\MyButton.js">
        <metrics statements="2" coveredstatements="0" conditionals="0" coveredconditionals="0" methods="2" coveredmethods="0"/>
        <line num="5" count="0" type="stmt"/>
        <line num="26" count="0" type="stmt"/>
      </file>
      <file name="Welcome.js" path="D:\tianjiacheng\image-screen-shoot\stories\Welcome.js">
        <metrics statements="4" coveredstatements="0" conditionals="0" coveredconditionals="0" methods="3" coveredmethods="0"/>
        <line num="2" count="0" type="stmt"/>
        <line num="15" count="0" type="stmt"/>
        <line num="117" count="0" type="stmt"/>
        <line num="118" count="0" type="stmt"/>
      </file>
    </package>
  </project>
</coverage>
