{"D:\\tianjiacheng\\image-screen-shoot\\webpack.config.js": {"path":"D:\\tianjiacheng\\image-screen-shoot\\webpack.config.js","statementMap":{"0":{"start":{"line":2,"column":26},"end":{"line":2,"column":64}},"1":{"start":{"line":3,"column":13},"end":{"line":3,"column":28}},"2":{"start":{"line":4,"column":24},"end":{"line":4,"column":56}},"3":{"start":{"line":5,"column":0},"end":{"line":38,"column":1}}},"fnMap":{},"branchMap":{},"s":{"0":0,"1":0,"2":0,"3":0},"f":{},"b":{}}
,"D:\\tianjiacheng\\image-screen-shoot\\dist\\imageShoot-tjc.js": {"path":"D:\\tianjiacheng\\image-screen-shoot\\dist\\imageShoot-tjc.js","statementMap":{"0":{"start":{"line":1,"column":0},"end":{"line":1,"column":18398}},"1":{"start":{"line":1,"column":15},"end":{"line":1,"column":199}},"2":{"start":{"line":1,"column":219},"end":{"line":1,"column":18395}},"3":{"start":{"line":1,"column":244},"end":{"line":1,"column":246}},"4":{"start":{"line":1,"column":261},"end":{"line":1,"column":289}},"5":{"start":{"line":1,"column":269},"end":{"line":1,"column":289}},"6":{"start":{"line":1,"column":295},"end":{"line":1,"column":321}},"7":{"start":{"line":1,"column":322},"end":{"line":1,"column":380}},"8":{"start":{"line":1,"column":381},"end":{"line":1,"column":1141}},"9":{"start":{"line":1,"column":420},"end":{"line":1,"column":478}},"10":{"start":{"line":1,"column":496},"end":{"line":1,"column":653}},"11":{"start":{"line":1,"column":673},"end":{"line":1,"column":703}},"12":{"start":{"line":1,"column":694},"end":{"line":1,"column":703}},"13":{"start":{"line":1,"column":703},"end":{"line":1,"column":756}},"14":{"start":{"line":1,"column":747},"end":{"line":1,"column":756}},"15":{"start":{"line":1,"column":762},"end":{"line":1,"column":781}},"16":{"start":{"line":1,"column":782},"end":{"line":1,"column":937}},"17":{"start":{"line":1,"column":875},"end":{"line":1,"column":937}},"18":{"start":{"line":1,"column":890},"end":{"line":1,"column":937}},"19":{"start":{"line":1,"column":910},"end":{"line":1,"column":921}},"20":{"start":{"line":1,"column":937},"end":{"line":1,"column":945}},"21":{"start":{"line":1,"column":969},"end":{"line":1,"column":1034}},"22":{"start":{"line":1,"column":996},"end":{"line":1,"column":1012}},"23":{"start":{"line":1,"column":1025},"end":{"line":1,"column":1033}},"24":{"start":{"line":1,"column":1035},"end":{"line":1,"column":1056}},"25":{"start":{"line":1,"column":1076},"end":{"line":1,"column":1124}},"26":{"start":{"line":1,"column":1166},"end":{"line":1,"column":1170}},"27":{"start":{"line":1,"column":1171},"end":{"line":1,"column":1208}},"28":{"start":{"line":1,"column":1214},"end":{"line":1,"column":1257}},"29":{"start":{"line":1,"column":1258},"end":{"line":1,"column":1268}},"30":{"start":{"line":1,"column":1268},"end":{"line":1,"column":1298}},"31":{"start":{"line":1,"column":1314},"end":{"line":1,"column":2812}},"32":{"start":{"line":1,"column":2828},"end":{"line":1,"column":3734}},"33":{"start":{"line":1,"column":3771},"end":{"line":1,"column":3775}},"34":{"start":{"line":1,"column":3776},"end":{"line":1,"column":3784}},"35":{"start":{"line":1,"column":3802},"end":{"line":1,"column":4851}},"36":{"start":{"line":1,"column":4882},"end":{"line":1,"column":5649}},"37":{"start":{"line":1,"column":4910},"end":{"line":1,"column":4912}},"38":{"start":{"line":1,"column":4913},"end":{"line":1,"column":5648}},"39":{"start":{"line":1,"column":4942},"end":{"line":1,"column":5396}},"40":{"start":{"line":1,"column":4976},"end":{"line":1,"column":5346}},"41":{"start":{"line":1,"column":4996},"end":{"line":1,"column":5004}},"42":{"start":{"line":1,"column":5007},"end":{"line":1,"column":5011}},"43":{"start":{"line":1,"column":5012},"end":{"line":1,"column":5027}},"44":{"start":{"line":1,"column":5018},"end":{"line":1,"column":5027}},"45":{"start":{"line":1,"column":5027},"end":{"line":1,"column":5314}},"46":{"start":{"line":1,"column":5065},"end":{"line":1,"column":5195}},"47":{"start":{"line":1,"column":5199},"end":{"line":1,"column":5270}},"48":{"start":{"line":1,"column":5225},"end":{"line":1,"column":5268}},"49":{"start":{"line":1,"column":5271},"end":{"line":1,"column":5313}},"50":{"start":{"line":1,"column":5320},"end":{"line":1,"column":5340}},"51":{"start":{"line":1,"column":5347},"end":{"line":1,"column":5385}},"52":{"start":{"line":1,"column":5416},"end":{"line":1,"column":5454}},"53":{"start":{"line":1,"column":5454},"end":{"line":1,"column":5526}},"54":{"start":{"line":1,"column":5464},"end":{"line":1,"column":5466}},"55":{"start":{"line":1,"column":5469},"end":{"line":1,"column":5470}},"56":{"start":{"line":1,"column":5496},"end":{"line":1,"column":5506}},"57":{"start":{"line":1,"column":5507},"end":{"line":1,"column":5525}},"58":{"start":{"line":1,"column":5526},"end":{"line":1,"column":5645}},"59":{"start":{"line":1,"column":5556},"end":{"line":1,"column":5560}},"60":{"start":{"line":1,"column":5561},"end":{"line":1,"column":5644}},"61":{"start":{"line":1,"column":5677},"end":{"line":1,"column":5679}},"62":{"start":{"line":1,"column":5683},"end":{"line":1,"column":5809}},"63":{"start":{"line":1,"column":5696},"end":{"line":1,"column":5747}},"64":{"start":{"line":1,"column":5760},"end":{"line":1,"column":5808}},"65":{"start":{"line":1,"column":5813},"end":{"line":1,"column":6132}},"66":{"start":{"line":1,"column":5831},"end":{"line":1,"column":5833}},"67":{"start":{"line":1,"column":5834},"end":{"line":1,"column":6129}},"68":{"start":{"line":1,"column":5855},"end":{"line":1,"column":5890}},"69":{"start":{"line":1,"column":5879},"end":{"line":1,"column":5890}},"70":{"start":{"line":1,"column":5890},"end":{"line":1,"column":6117}},"71":{"start":{"line":1,"column":5914},"end":{"line":1,"column":5997}},"72":{"start":{"line":1,"column":5928},"end":{"line":1,"column":5981}},"73":{"start":{"line":1,"column":5998},"end":{"line":1,"column":6110}},"74":{"start":{"line":1,"column":6065},"end":{"line":1,"column":6110}},"75":{"start":{"line":1,"column":6069},"end":{"line":1,"column":6093}},"76":{"start":{"line":1,"column":6103},"end":{"line":1,"column":6109}},"77":{"start":{"line":1,"column":6110},"end":{"line":1,"column":6116}},"78":{"start":{"line":1,"column":6117},"end":{"line":1,"column":6128}},"79":{"start":{"line":1,"column":6135},"end":{"line":1,"column":6139}},"80":{"start":{"line":1,"column":6142},"end":{"line":1,"column":6143}},"81":{"start":{"line":1,"column":6146},"end":{"line":1,"column":6148}},"82":{"start":{"line":1,"column":6151},"end":{"line":1,"column":6155}},"83":{"start":{"line":1,"column":6172},"end":{"line":1,"column":6449}},"84":{"start":{"line":1,"column":6182},"end":{"line":1,"column":6183}},"85":{"start":{"line":1,"column":6206},"end":{"line":1,"column":6210}},"86":{"start":{"line":1,"column":6213},"end":{"line":1,"column":6220}},"87":{"start":{"line":1,"column":6221},"end":{"line":1,"column":6448}},"88":{"start":{"line":1,"column":6227},"end":{"line":1,"column":6236}},"89":{"start":{"line":1,"column":6236},"end":{"line":1,"column":6292}},"90":{"start":{"line":1,"column":6246},"end":{"line":1,"column":6247}},"91":{"start":{"line":1,"column":6269},"end":{"line":1,"column":6292}},"92":{"start":{"line":1,"column":6292},"end":{"line":1,"column":6347}},"93":{"start":{"line":1,"column":6318},"end":{"line":1,"column":6347}},"94":{"start":{"line":1,"column":6359},"end":{"line":1,"column":6361}},"95":{"start":{"line":1,"column":6362},"end":{"line":1,"column":6415}},"96":{"start":{"line":1,"column":6391},"end":{"line":1,"column":6415}},"97":{"start":{"line":1,"column":6415},"end":{"line":1,"column":6447}},"98":{"start":{"line":1,"column":6466},"end":{"line":1,"column":6634}},"99":{"start":{"line":1,"column":6476},"end":{"line":1,"column":6478}},"100":{"start":{"line":1,"column":6481},"end":{"line":1,"column":6483}},"101":{"start":{"line":1,"column":6486},"end":{"line":1,"column":6487}},"102":{"start":{"line":1,"column":6510},"end":{"line":1,"column":6514}},"103":{"start":{"line":1,"column":6517},"end":{"line":1,"column":6540}},"104":{"start":{"line":1,"column":6543},"end":{"line":1,"column":6579}},"105":{"start":{"line":1,"column":6580},"end":{"line":1,"column":6633}},"106":{"start":{"line":1,"column":6634},"end":{"line":1,"column":6642}},"107":{"start":{"line":1,"column":6665},"end":{"line":1,"column":6680}},"108":{"start":{"line":1,"column":6681},"end":{"line":1,"column":6814}},"109":{"start":{"line":1,"column":6687},"end":{"line":1,"column":6814}},"110":{"start":{"line":1,"column":6820},"end":{"line":1,"column":6833}},"111":{"start":{"line":1,"column":6834},"end":{"line":1,"column":7320}},"112":{"start":{"line":1,"column":6856},"end":{"line":1,"column":6962}},"113":{"start":{"line":1,"column":6967},"end":{"line":1,"column":7320}},"114":{"start":{"line":1,"column":6992},"end":{"line":1,"column":7009}},"115":{"start":{"line":1,"column":7014},"end":{"line":1,"column":7271}},"116":{"start":{"line":1,"column":7065},"end":{"line":1,"column":7271}},"117":{"start":{"line":1,"column":7277},"end":{"line":1,"column":7299}},"118":{"start":{"line":1,"column":7300},"end":{"line":1,"column":7319}},"119":{"start":{"line":1,"column":7335},"end":{"line":1,"column":7367}},"120":{"start":{"line":1,"column":7358},"end":{"line":1,"column":7367}},"121":{"start":{"line":1,"column":7367},"end":{"line":1,"column":7395}},"122":{"start":{"line":1,"column":7401},"end":{"line":1,"column":7413}},"123":{"start":{"line":1,"column":7414},"end":{"line":1,"column":7433}},"124":{"start":{"line":1,"column":7454},"end":{"line":1,"column":7485}},"125":{"start":{"line":1,"column":7486},"end":{"line":1,"column":7617}},"126":{"start":{"line":1,"column":7568},"end":{"line":1,"column":7595}},"127":{"start":{"line":1,"column":7579},"end":{"line":1,"column":7581}},"128":{"start":{"line":1,"column":7581},"end":{"line":1,"column":7592}},"129":{"start":{"line":1,"column":7596},"end":{"line":1,"column":7616}},"130":{"start":{"line":1,"column":7617},"end":{"line":1,"column":7645}},"131":{"start":{"line":1,"column":7662},"end":{"line":1,"column":7721}},"132":{"start":{"line":1,"column":7697},"end":{"line":1,"column":7719}},"133":{"start":{"line":1,"column":7750},"end":{"line":1,"column":7886}},"134":{"start":{"line":1,"column":7773},"end":{"line":1,"column":7878}},"135":{"start":{"line":1,"column":7858},"end":{"line":1,"column":7878}},"136":{"start":{"line":1,"column":7878},"end":{"line":1,"column":7885}},"137":{"start":{"line":1,"column":7886},"end":{"line":1,"column":8962}},"138":{"start":{"line":1,"column":7908},"end":{"line":1,"column":7911}},"139":{"start":{"line":1,"column":7912},"end":{"line":1,"column":7969}},"140":{"start":{"line":1,"column":7975},"end":{"line":1,"column":8962}},"141":{"start":{"line":1,"column":8162},"end":{"line":1,"column":8192}},"142":{"start":{"line":1,"column":8193},"end":{"line":1,"column":8295}},"143":{"start":{"line":1,"column":8324},"end":{"line":1,"column":8329}},"144":{"start":{"line":1,"column":8332},"end":{"line":1,"column":8343}},"145":{"start":{"line":1,"column":8346},"end":{"line":1,"column":8381}},"146":{"start":{"line":1,"column":8382},"end":{"line":1,"column":8421}},"147":{"start":{"line":1,"column":8421},"end":{"line":1,"column":8544}},"148":{"start":{"line":1,"column":8550},"end":{"line":1,"column":8581}},"149":{"start":{"line":1,"column":8584},"end":{"line":1,"column":8590}},"150":{"start":{"line":1,"column":8591},"end":{"line":1,"column":8646}},"151":{"start":{"line":1,"column":8676},"end":{"line":1,"column":8716}},"152":{"start":{"line":1,"column":8749},"end":{"line":1,"column":8754}},"153":{"start":{"line":1,"column":8757},"end":{"line":1,"column":8764}},"154":{"start":{"line":1,"column":8765},"end":{"line":1,"column":8794}},"155":{"start":{"line":1,"column":8794},"end":{"line":1,"column":8927}},"156":{"start":{"line":1,"column":8810},"end":{"line":1,"column":8833}},"157":{"start":{"line":1,"column":8838},"end":{"line":1,"column":8885}},"158":{"start":{"line":1,"column":8857},"end":{"line":1,"column":8885}},"159":{"start":{"line":1,"column":8885},"end":{"line":1,"column":8926}},"160":{"start":{"line":1,"column":8955},"end":{"line":1,"column":8959}},"161":{"start":{"line":1,"column":8962},"end":{"line":1,"column":9078}},"162":{"start":{"line":1,"column":8986},"end":{"line":1,"column":9077}},"163":{"start":{"line":1,"column":8992},"end":{"line":1,"column":9062}},"164":{"start":{"line":1,"column":9055},"end":{"line":1,"column":9062}},"165":{"start":{"line":1,"column":9062},"end":{"line":1,"column":9068}},"166":{"start":{"line":1,"column":9074},"end":{"line":1,"column":9077}},"167":{"start":{"line":1,"column":9079},"end":{"line":1,"column":9674}},"168":{"start":{"line":1,"column":9103},"end":{"line":1,"column":9246}},"169":{"start":{"line":1,"column":9166},"end":{"line":1,"column":9246}},"170":{"start":{"line":1,"column":9246},"end":{"line":1,"column":9430}},"171":{"start":{"line":1,"column":9436},"end":{"line":1,"column":9442}},"172":{"start":{"line":1,"column":9443},"end":{"line":1,"column":9672}},"173":{"start":{"line":1,"column":9469},"end":{"line":1,"column":9542}},"174":{"start":{"line":1,"column":9479},"end":{"line":1,"column":9481}},"175":{"start":{"line":1,"column":9484},"end":{"line":1,"column":9485}},"176":{"start":{"line":1,"column":9508},"end":{"line":1,"column":9512}},"177":{"start":{"line":1,"column":9513},"end":{"line":1,"column":9541}},"178":{"start":{"line":1,"column":9542},"end":{"line":1,"column":9557}},"179":{"start":{"line":1,"column":9557},"end":{"line":1,"column":9671}},"180":{"start":{"line":1,"column":9587},"end":{"line":1,"column":9670}},"181":{"start":{"line":1,"column":9609},"end":{"line":1,"column":9655}},"182":{"start":{"line":1,"column":9619},"end":{"line":1,"column":9620}},"183":{"start":{"line":1,"column":9642},"end":{"line":1,"column":9655}},"184":{"start":{"line":1,"column":9655},"end":{"line":1,"column":9669}},"185":{"start":{"line":1,"column":9683},"end":{"line":1,"column":9745}},"186":{"start":{"line":1,"column":9702},"end":{"line":1,"column":9744}},"187":{"start":{"line":1,"column":9773},"end":{"line":1,"column":9783}},"188":{"start":{"line":1,"column":9784},"end":{"line":1,"column":9956}},"189":{"start":{"line":1,"column":9800},"end":{"line":1,"column":9828}},"190":{"start":{"line":1,"column":9839},"end":{"line":1,"column":9865}},"191":{"start":{"line":1,"column":9868},"end":{"line":1,"column":9880}},"192":{"start":{"line":1,"column":9881},"end":{"line":1,"column":9955}},"193":{"start":{"line":1,"column":9973},"end":{"line":1,"column":10569}},"194":{"start":{"line":1,"column":10001},"end":{"line":1,"column":10044}},"195":{"start":{"line":1,"column":10045},"end":{"line":1,"column":10103}},"196":{"start":{"line":1,"column":10051},"end":{"line":1,"column":10103}},"197":{"start":{"line":1,"column":10103},"end":{"line":1,"column":10138}},"198":{"start":{"line":1,"column":10129},"end":{"line":1,"column":10138}},"199":{"start":{"line":1,"column":10144},"end":{"line":1,"column":10166}},"200":{"start":{"line":1,"column":10169},"end":{"line":1,"column":10206}},"201":{"start":{"line":1,"column":10207},"end":{"line":1,"column":10568}},"202":{"start":{"line":1,"column":10300},"end":{"line":1,"column":10396}},"203":{"start":{"line":1,"column":10342},"end":{"line":1,"column":10350}},"204":{"start":{"line":1,"column":10386},"end":{"line":1,"column":10394}},"205":{"start":{"line":1,"column":10397},"end":{"line":1,"column":10566}},"206":{"start":{"line":1,"column":10600},"end":{"line":1,"column":10607}},"207":{"start":{"line":1,"column":10613},"end":{"line":1,"column":12599}},"208":{"start":{"line":1,"column":10630},"end":{"line":1,"column":10634}},"209":{"start":{"line":1,"column":10637},"end":{"line":1,"column":10653}},"210":{"start":{"line":1,"column":10656},"end":{"line":1,"column":10669}},"211":{"start":{"line":1,"column":10670},"end":{"line":1,"column":12598}},"212":{"start":{"line":1,"column":12600},"end":{"line":1,"column":12619}},"213":{"start":{"line":1,"column":12625},"end":{"line":1,"column":17347}},"214":{"start":{"line":1,"column":12806},"end":{"line":1,"column":13077}},"215":{"start":{"line":1,"column":13107},"end":{"line":1,"column":14007}},"216":{"start":{"line":1,"column":13189},"end":{"line":1,"column":13735}},"217":{"start":{"line":1,"column":13238},"end":{"line":1,"column":13298}},"218":{"start":{"line":1,"column":13306},"end":{"line":1,"column":13341}},"219":{"start":{"line":1,"column":13342},"end":{"line":1,"column":13423}},"220":{"start":{"line":1,"column":13429},"end":{"line":1,"column":13735}},"221":{"start":{"line":1,"column":13473},"end":{"line":1,"column":13497}},"222":{"start":{"line":1,"column":13505},"end":{"line":1,"column":13643}},"223":{"start":{"line":1,"column":13644},"end":{"line":1,"column":13734}},"224":{"start":{"line":1,"column":13741},"end":{"line":1,"column":13790}},"225":{"start":{"line":1,"column":13798},"end":{"line":1,"column":13836}},"226":{"start":{"line":1,"column":13837},"end":{"line":1,"column":14006}},"227":{"start":{"line":1,"column":14026},"end":{"line":1,"column":14397}},"228":{"start":{"line":1,"column":14069},"end":{"line":1,"column":14343}},"229":{"start":{"line":1,"column":14124},"end":{"line":1,"column":14159}},"230":{"start":{"line":1,"column":14160},"end":{"line":1,"column":14294}},"231":{"start":{"line":1,"column":14300},"end":{"line":1,"column":14343}},"232":{"start":{"line":1,"column":14343},"end":{"line":1,"column":14396}},"233":{"start":{"line":1,"column":14411},"end":{"line":1,"column":14454}},"234":{"start":{"line":1,"column":14484},"end":{"line":1,"column":15013}},"235":{"start":{"line":1,"column":14535},"end":{"line":1,"column":14544}},"236":{"start":{"line":1,"column":14547},"end":{"line":1,"column":14556}},"237":{"start":{"line":1,"column":14557},"end":{"line":1,"column":14619}},"238":{"start":{"line":1,"column":14582},"end":{"line":1,"column":14619}},"239":{"start":{"line":1,"column":14619},"end":{"line":1,"column":15012}},"240":{"start":{"line":1,"column":14665},"end":{"line":1,"column":14684}},"241":{"start":{"line":1,"column":14695},"end":{"line":1,"column":14697}},"242":{"start":{"line":1,"column":14706},"end":{"line":1,"column":14787}},"243":{"start":{"line":1,"column":14790},"end":{"line":1,"column":14800}},"244":{"start":{"line":1,"column":14801},"end":{"line":1,"column":15011}},"245":{"start":{"line":1,"column":15037},"end":{"line":1,"column":15067}},"246":{"start":{"line":1,"column":15070},"end":{"line":1,"column":15100}},"247":{"start":{"line":1,"column":15103},"end":{"line":1,"column":15140}},"248":{"start":{"line":1,"column":15143},"end":{"line":1,"column":15179}},"249":{"start":{"line":1,"column":15182},"end":{"line":1,"column":15216}},"250":{"start":{"line":1,"column":15219},"end":{"line":1,"column":15255}},"251":{"start":{"line":1,"column":15256},"end":{"line":1,"column":15355}},"252":{"start":{"line":1,"column":15379},"end":{"line":1,"column":15392}},"253":{"start":{"line":1,"column":15413},"end":{"line":1,"column":15434}},"254":{"start":{"line":1,"column":15453},"end":{"line":1,"column":15529}},"255":{"start":{"line":1,"column":15547},"end":{"line":1,"column":15576}},"256":{"start":{"line":1,"column":15582},"end":{"line":1,"column":15584}},"257":{"start":{"line":1,"column":15593},"end":{"line":1,"column":15610}},"258":{"start":{"line":1,"column":15613},"end":{"line":1,"column":15630}},"259":{"start":{"line":1,"column":15631},"end":{"line":1,"column":15957}},"260":{"start":{"line":1,"column":15656},"end":{"line":1,"column":15727}},"261":{"start":{"line":1,"column":15727},"end":{"line":1,"column":15733}},"262":{"start":{"line":1,"column":15749},"end":{"line":1,"column":15796}},"263":{"start":{"line":1,"column":15796},"end":{"line":1,"column":15802}},"264":{"start":{"line":1,"column":15819},"end":{"line":1,"column":15847}},"265":{"start":{"line":1,"column":15847},"end":{"line":1,"column":15853}},"266":{"start":{"line":1,"column":15869},"end":{"line":1,"column":15915}},"267":{"start":{"line":1,"column":15915},"end":{"line":1,"column":15921}},"268":{"start":{"line":1,"column":15929},"end":{"line":1,"column":15956}},"269":{"start":{"line":1,"column":15957},"end":{"line":1,"column":16019}},"270":{"start":{"line":1,"column":16034},"end":{"line":1,"column":16222}},"271":{"start":{"line":1,"column":16247},"end":{"line":1,"column":16328}},"272":{"start":{"line":1,"column":16368},"end":{"line":1,"column":16446}},"273":{"start":{"line":1,"column":16447},"end":{"line":1,"column":16763}},"274":{"start":{"line":1,"column":16791},"end":{"line":1,"column":16865}},"275":{"start":{"line":1,"column":16868},"end":{"line":1,"column":16881}},"276":{"start":{"line":1,"column":16882},"end":{"line":1,"column":16955}},"277":{"start":{"line":1,"column":16980},"end":{"line":1,"column":16991}},"278":{"start":{"line":1,"column":16992},"end":{"line":1,"column":17067}},"279":{"start":{"line":1,"column":17079},"end":{"line":1,"column":17099}},"280":{"start":{"line":1,"column":17110},"end":{"line":1,"column":17169}},"281":{"start":{"line":1,"column":17179},"end":{"line":1,"column":17344}},"282":{"start":{"line":1,"column":17348},"end":{"line":1,"column":17353}},"283":{"start":{"line":1,"column":17359},"end":{"line":1,"column":18104}},"284":{"start":{"line":1,"column":17393},"end":{"line":1,"column":17425}},"285":{"start":{"line":1,"column":17426},"end":{"line":1,"column":18044}},"286":{"start":{"line":1,"column":17546},"end":{"line":1,"column":17795}},"287":{"start":{"line":1,"column":17834},"end":{"line":1,"column":17877}},"288":{"start":{"line":1,"column":17884},"end":{"line":1,"column":18044}},"289":{"start":{"line":1,"column":17901},"end":{"line":1,"column":17919}},"290":{"start":{"line":1,"column":17925},"end":{"line":1,"column":17933}},"291":{"start":{"line":1,"column":17934},"end":{"line":1,"column":17981}},"292":{"start":{"line":1,"column":17957},"end":{"line":1,"column":17980}},"293":{"start":{"line":1,"column":17993},"end":{"line":1,"column":18007}},"294":{"start":{"line":1,"column":18008},"end":{"line":1,"column":18043}},"295":{"start":{"line":1,"column":18044},"end":{"line":1,"column":18071}},"296":{"start":{"line":1,"column":18105},"end":{"line":1,"column":18179}},"297":{"start":{"line":1,"column":18185},"end":{"line":1,"column":18194}},"298":{"start":{"line":1,"column":18203},"end":{"line":1,"column":18297}},"299":{"start":{"line":1,"column":18215},"end":{"line":1,"column":18295}},"300":{"start":{"line":1,"column":18298},"end":{"line":1,"column":18356}},"301":{"start":{"line":1,"column":18356},"end":{"line":1,"column":18392}}},"fnMap":{"0":{"name":"(anonymous_0)","decl":{"start":{"line":1,"column":1},"end":{"line":1,"column":2}},"loc":{"start":{"line":1,"column":14},"end":{"line":1,"column":200}},"line":1},"1":{"name":"(anonymous_1)","decl":{"start":{"line":1,"column":208},"end":{"line":1,"column":209}},"loc":{"start":{"line":1,"column":218},"end":{"line":1,"column":18396}},"line":1},"2":{"name":"(anonymous_2)","decl":{"start":{"line":1,"column":226},"end":{"line":1,"column":227}},"loc":{"start":{"line":1,"column":237},"end":{"line":1,"column":1142}},"line":1},"3":{"name":"s","decl":{"start":{"line":1,"column":256},"end":{"line":1,"column":257}},"loc":{"start":{"line":1,"column":260},"end":{"line":1,"column":381}},"line":1},"4":{"name":"(anonymous_4)","decl":{"start":{"line":1,"column":404},"end":{"line":1,"column":405}},"loc":{"start":{"line":1,"column":419},"end":{"line":1,"column":479}},"line":1},"5":{"name":"(anonymous_5)","decl":{"start":{"line":1,"column":484},"end":{"line":1,"column":485}},"loc":{"start":{"line":1,"column":495},"end":{"line":1,"column":654}},"line":1},"6":{"name":"(anonymous_6)","decl":{"start":{"line":1,"column":659},"end":{"line":1,"column":660}},"loc":{"start":{"line":1,"column":672},"end":{"line":1,"column":946}},"line":1},"7":{"name":"(anonymous_7)","decl":{"start":{"line":1,"column":898},"end":{"line":1,"column":899}},"loc":{"start":{"line":1,"column":909},"end":{"line":1,"column":922}},"line":1},"8":{"name":"(anonymous_8)","decl":{"start":{"line":1,"column":951},"end":{"line":1,"column":952}},"loc":{"start":{"line":1,"column":962},"end":{"line":1,"column":1057}},"line":1},"9":{"name":"(anonymous_9)","decl":{"start":{"line":1,"column":985},"end":{"line":1,"column":986}},"loc":{"start":{"line":1,"column":995},"end":{"line":1,"column":1013}},"line":1},"10":{"name":"(anonymous_10)","decl":{"start":{"line":1,"column":1014},"end":{"line":1,"column":1015}},"loc":{"start":{"line":1,"column":1024},"end":{"line":1,"column":1034}},"line":1},"11":{"name":"(anonymous_11)","decl":{"start":{"line":1,"column":1062},"end":{"line":1,"column":1063}},"loc":{"start":{"line":1,"column":1075},"end":{"line":1,"column":1125}},"line":1},"12":{"name":"(anonymous_12)","decl":{"start":{"line":1,"column":1144},"end":{"line":1,"column":1145}},"loc":{"start":{"line":1,"column":1159},"end":{"line":1,"column":1299}},"line":1},"13":{"name":"(anonymous_13)","decl":{"start":{"line":1,"column":1300},"end":{"line":1,"column":1301}},"loc":{"start":{"line":1,"column":1313},"end":{"line":1,"column":2813}},"line":1},"14":{"name":"(anonymous_14)","decl":{"start":{"line":1,"column":2814},"end":{"line":1,"column":2815}},"loc":{"start":{"line":1,"column":2827},"end":{"line":1,"column":3735}},"line":1},"15":{"name":"(anonymous_15)","decl":{"start":{"line":1,"column":3736},"end":{"line":1,"column":3737}},"loc":{"start":{"line":1,"column":3751},"end":{"line":1,"column":3785}},"line":1},"16":{"name":"(anonymous_16)","decl":{"start":{"line":1,"column":3786},"end":{"line":1,"column":3787}},"loc":{"start":{"line":1,"column":3801},"end":{"line":1,"column":4852}},"line":1},"17":{"name":"(anonymous_17)","decl":{"start":{"line":1,"column":4853},"end":{"line":1,"column":4854}},"loc":{"start":{"line":1,"column":4868},"end":{"line":1,"column":5650}},"line":1},"18":{"name":"(anonymous_18)","decl":{"start":{"line":1,"column":4892},"end":{"line":1,"column":4893}},"loc":{"start":{"line":1,"column":4903},"end":{"line":1,"column":5649}},"line":1},"19":{"name":"(anonymous_19)","decl":{"start":{"line":1,"column":4931},"end":{"line":1,"column":4932}},"loc":{"start":{"line":1,"column":4941},"end":{"line":1,"column":5397}},"line":1},"20":{"name":"(anonymous_20)","decl":{"start":{"line":1,"column":4958},"end":{"line":1,"column":4959}},"loc":{"start":{"line":1,"column":4969},"end":{"line":1,"column":5386}},"line":1},"21":{"name":"(anonymous_21)","decl":{"start":{"line":1,"column":4976},"end":{"line":1,"column":4977}},"loc":{"start":{"line":1,"column":4989},"end":{"line":1,"column":5341}},"line":1},"22":{"name":"(anonymous_22)","decl":{"start":{"line":1,"column":5213},"end":{"line":1,"column":5214}},"loc":{"start":{"line":1,"column":5224},"end":{"line":1,"column":5269}},"line":1},"23":{"name":"(anonymous_23)","decl":{"start":{"line":1,"column":5402},"end":{"line":1,"column":5403}},"loc":{"start":{"line":1,"column":5415},"end":{"line":1,"column":5646}},"line":1},"24":{"name":"(anonymous_24)","decl":{"start":{"line":1,"column":5651},"end":{"line":1,"column":5652}},"loc":{"start":{"line":1,"column":5666},"end":{"line":1,"column":9958}},"line":1},"25":{"name":"(anonymous_25)","decl":{"start":{"line":1,"column":5685},"end":{"line":1,"column":5686}},"loc":{"start":{"line":1,"column":5695},"end":{"line":1,"column":5748}},"line":1},"26":{"name":"(anonymous_26)","decl":{"start":{"line":1,"column":5749},"end":{"line":1,"column":5750}},"loc":{"start":{"line":1,"column":5759},"end":{"line":1,"column":5809}},"line":1},"27":{"name":"(anonymous_27)","decl":{"start":{"line":1,"column":5813},"end":{"line":1,"column":5814}},"loc":{"start":{"line":1,"column":5824},"end":{"line":1,"column":6130}},"line":1},"28":{"name":"(anonymous_28)","decl":{"start":{"line":1,"column":5841},"end":{"line":1,"column":5842}},"loc":{"start":{"line":1,"column":5854},"end":{"line":1,"column":6129}},"line":1},"29":{"name":"(anonymous_29)","decl":{"start":{"line":1,"column":5914},"end":{"line":1,"column":5915}},"loc":{"start":{"line":1,"column":5927},"end":{"line":1,"column":5982}},"line":1},"30":{"name":"h","decl":{"start":{"line":1,"column":6165},"end":{"line":1,"column":6166}},"loc":{"start":{"line":1,"column":6171},"end":{"line":1,"column":6450}},"line":1},"31":{"name":"f","decl":{"start":{"line":1,"column":6459},"end":{"line":1,"column":6460}},"loc":{"start":{"line":1,"column":6465},"end":{"line":1,"column":6643}},"line":1},"32":{"name":"p","decl":{"start":{"line":1,"column":6652},"end":{"line":1,"column":6653}},"loc":{"start":{"line":1,"column":6658},"end":{"line":1,"column":7321}},"line":1},"33":{"name":"v","decl":{"start":{"line":1,"column":7330},"end":{"line":1,"column":7331}},"loc":{"start":{"line":1,"column":7334},"end":{"line":1,"column":7434}},"line":1},"34":{"name":"b","decl":{"start":{"line":1,"column":7443},"end":{"line":1,"column":7444}},"loc":{"start":{"line":1,"column":7447},"end":{"line":1,"column":7646}},"line":1},"35":{"name":"(anonymous_35)","decl":{"start":{"line":1,"column":7568},"end":{"line":1,"column":7569}},"loc":{"start":{"line":1,"column":7578},"end":{"line":1,"column":7593}},"line":1},"36":{"name":"g","decl":{"start":{"line":1,"column":7655},"end":{"line":1,"column":7656}},"loc":{"start":{"line":1,"column":7661},"end":{"line":1,"column":7722}},"line":1},"37":{"name":"(anonymous_37)","decl":{"start":{"line":1,"column":7685},"end":{"line":1,"column":7686}},"loc":{"start":{"line":1,"column":7696},"end":{"line":1,"column":7720}},"line":1},"38":{"name":"m","decl":{"start":{"line":1,"column":7731},"end":{"line":1,"column":7732}},"loc":{"start":{"line":1,"column":7737},"end":{"line":1,"column":9079}},"line":1},"39":{"name":"(anonymous_39)","decl":{"start":{"line":1,"column":7865},"end":{"line":1,"column":7866}},"loc":{"start":{"line":1,"column":7875},"end":{"line":1,"column":7877}},"line":1},"40":{"name":"(anonymous_40)","decl":{"start":{"line":1,"column":8144},"end":{"line":1,"column":8145}},"loc":{"start":{"line":1,"column":8155},"end":{"line":1,"column":8296}},"line":1},"41":{"name":"(anonymous_41)","decl":{"start":{"line":1,"column":8302},"end":{"line":1,"column":8303}},"loc":{"start":{"line":1,"column":8317},"end":{"line":1,"column":8647}},"line":1},"42":{"name":"(anonymous_42)","decl":{"start":{"line":1,"column":8665},"end":{"line":1,"column":8666}},"loc":{"start":{"line":1,"column":8675},"end":{"line":1,"column":8717}},"line":1},"43":{"name":"(anonymous_43)","decl":{"start":{"line":1,"column":8729},"end":{"line":1,"column":8730}},"loc":{"start":{"line":1,"column":8742},"end":{"line":1,"column":8928}},"line":1},"44":{"name":"(anonymous_44)","decl":{"start":{"line":1,"column":8944},"end":{"line":1,"column":8945}},"loc":{"start":{"line":1,"column":8954},"end":{"line":1,"column":8960}},"line":1},"45":{"name":"(anonymous_45)","decl":{"start":{"line":1,"column":8974},"end":{"line":1,"column":8975}},"loc":{"start":{"line":1,"column":8985},"end":{"line":1,"column":9078}},"line":1},"46":{"name":"(anonymous_46)","decl":{"start":{"line":1,"column":9089},"end":{"line":1,"column":9090}},"loc":{"start":{"line":1,"column":9102},"end":{"line":1,"column":9673}},"line":1},"47":{"name":"(anonymous_47)","decl":{"start":{"line":1,"column":9457},"end":{"line":1,"column":9458}},"loc":{"start":{"line":1,"column":9468},"end":{"line":1,"column":9672}},"line":1},"48":{"name":"(anonymous_48)","decl":{"start":{"line":1,"column":9688},"end":{"line":1,"column":9689}},"loc":{"start":{"line":1,"column":9701},"end":{"line":1,"column":9745}},"line":1},"49":{"name":"y","decl":{"start":{"line":1,"column":9756},"end":{"line":1,"column":9757}},"loc":{"start":{"line":1,"column":9766},"end":{"line":1,"column":9957}},"line":1},"50":{"name":"(anonymous_50)","decl":{"start":{"line":1,"column":9959},"end":{"line":1,"column":9960}},"loc":{"start":{"line":1,"column":9972},"end":{"line":1,"column":10570}},"line":1},"51":{"name":"(anonymous_51)","decl":{"start":{"line":1,"column":9983},"end":{"line":1,"column":9984}},"loc":{"start":{"line":1,"column":9994},"end":{"line":1,"column":10569}},"line":1},"52":{"name":"(anonymous_52)","decl":{"start":{"line":1,"column":10278},"end":{"line":1,"column":10279}},"loc":{"start":{"line":1,"column":10291},"end":{"line":1,"column":10567}},"line":1},"53":{"name":"(anonymous_53)","decl":{"start":{"line":1,"column":10328},"end":{"line":1,"column":10329}},"loc":{"start":{"line":1,"column":10341},"end":{"line":1,"column":10351}},"line":1},"54":{"name":"(anonymous_54)","decl":{"start":{"line":1,"column":10372},"end":{"line":1,"column":10373}},"loc":{"start":{"line":1,"column":10385},"end":{"line":1,"column":10395}},"line":1},"55":{"name":"(anonymous_55)","decl":{"start":{"line":1,"column":10571},"end":{"line":1,"column":10572}},"loc":{"start":{"line":1,"column":10586},"end":{"line":1,"column":18393}},"line":1},"56":{"name":"(anonymous_56)","decl":{"start":{"line":1,"column":10613},"end":{"line":1,"column":10614}},"loc":{"start":{"line":1,"column":10623},"end":{"line":1,"column":12599}},"line":1},"57":{"name":"(anonymous_57)","decl":{"start":{"line":1,"column":12801},"end":{"line":1,"column":12802}},"loc":{"start":{"line":1,"column":12806},"end":{"line":1,"column":13077}},"line":1},"58":{"name":"(anonymous_58)","decl":{"start":{"line":1,"column":13088},"end":{"line":1,"column":13089}},"loc":{"start":{"line":1,"column":13106},"end":{"line":1,"column":14008}},"line":1},"59":{"name":"(anonymous_59)","decl":{"start":{"line":1,"column":14009},"end":{"line":1,"column":14010}},"loc":{"start":{"line":1,"column":14025},"end":{"line":1,"column":14398}},"line":1},"60":{"name":"(anonymous_60)","decl":{"start":{"line":1,"column":14399},"end":{"line":1,"column":14400}},"loc":{"start":{"line":1,"column":14410},"end":{"line":1,"column":14455}},"line":1},"61":{"name":"(anonymous_61)","decl":{"start":{"line":1,"column":14472},"end":{"line":1,"column":14473}},"loc":{"start":{"line":1,"column":14483},"end":{"line":1,"column":15014}},"line":1},"62":{"name":"(anonymous_62)","decl":{"start":{"line":1,"column":15015},"end":{"line":1,"column":15016}},"loc":{"start":{"line":1,"column":15028},"end":{"line":1,"column":15356}},"line":1},"63":{"name":"(anonymous_63)","decl":{"start":{"line":1,"column":15372},"end":{"line":1,"column":15373}},"loc":{"start":{"line":1,"column":15379},"end":{"line":1,"column":15392}},"line":1},"64":{"name":"(anonymous_64)","decl":{"start":{"line":1,"column":15393},"end":{"line":1,"column":15394}},"loc":{"start":{"line":1,"column":15412},"end":{"line":1,"column":15435}},"line":1},"65":{"name":"(anonymous_65)","decl":{"start":{"line":1,"column":15436},"end":{"line":1,"column":15437}},"loc":{"start":{"line":1,"column":15452},"end":{"line":1,"column":15530}},"line":1},"66":{"name":"(anonymous_66)","decl":{"start":{"line":1,"column":15531},"end":{"line":1,"column":15532}},"loc":{"start":{"line":1,"column":15546},"end":{"line":1,"column":16020}},"line":1},"67":{"name":"(anonymous_67)","decl":{"start":{"line":1,"column":16021},"end":{"line":1,"column":16022}},"loc":{"start":{"line":1,"column":16033},"end":{"line":1,"column":16223}},"line":1},"68":{"name":"(anonymous_68)","decl":{"start":{"line":1,"column":16224},"end":{"line":1,"column":16225}},"loc":{"start":{"line":1,"column":16246},"end":{"line":1,"column":16329}},"line":1},"69":{"name":"(anonymous_69)","decl":{"start":{"line":1,"column":16330},"end":{"line":1,"column":16331}},"loc":{"start":{"line":1,"column":16359},"end":{"line":1,"column":16764}},"line":1},"70":{"name":"(anonymous_70)","decl":{"start":{"line":1,"column":16765},"end":{"line":1,"column":16766}},"loc":{"start":{"line":1,"column":16782},"end":{"line":1,"column":16956}},"line":1},"71":{"name":"(anonymous_71)","decl":{"start":{"line":1,"column":16957},"end":{"line":1,"column":16958}},"loc":{"start":{"line":1,"column":16971},"end":{"line":1,"column":17068}},"line":1},"72":{"name":"(anonymous_72)","decl":{"start":{"line":1,"column":17076},"end":{"line":1,"column":17077}},"loc":{"start":{"line":1,"column":17079},"end":{"line":1,"column":17099}},"line":1},"73":{"name":"(anonymous_73)","decl":{"start":{"line":1,"column":17100},"end":{"line":1,"column":17101}},"loc":{"start":{"line":1,"column":17109},"end":{"line":1,"column":17170}},"line":1},"74":{"name":"(anonymous_74)","decl":{"start":{"line":1,"column":17171},"end":{"line":1,"column":17172}},"loc":{"start":{"line":1,"column":17178},"end":{"line":1,"column":17345}},"line":1},"75":{"name":"(anonymous_75)","decl":{"start":{"line":1,"column":17359},"end":{"line":1,"column":17360}},"loc":{"start":{"line":1,"column":17384},"end":{"line":1,"column":18072}},"line":1},"76":{"name":"(anonymous_76)","decl":{"start":{"line":1,"column":17534},"end":{"line":1,"column":17535}},"loc":{"start":{"line":1,"column":17545},"end":{"line":1,"column":17796}},"line":1},"77":{"name":"(anonymous_77)","decl":{"start":{"line":1,"column":17823},"end":{"line":1,"column":17824}},"loc":{"start":{"line":1,"column":17833},"end":{"line":1,"column":17878}},"line":1},"78":{"name":"(anonymous_78)","decl":{"start":{"line":1,"column":17943},"end":{"line":1,"column":17944}},"loc":{"start":{"line":1,"column":17956},"end":{"line":1,"column":17981}},"line":1},"79":{"name":"(anonymous_79)","decl":{"start":{"line":1,"column":18204},"end":{"line":1,"column":18205}},"loc":{"start":{"line":1,"column":18214},"end":{"line":1,"column":18296}},"line":1}},"branchMap":{"0":{"loc":{"start":{"line":1,"column":15},"end":{"line":1,"column":199}},"type":"cond-expr","locations":[{"start":{"line":1,"column":65},"end":{"line":1,"column":83}},{"start":{"line":1,"column":84},"end":{"line":1,"column":199}}],"line":1},"1":{"loc":{"start":{"line":1,"column":15},"end":{"line":1,"column":64}},"type":"binary-expr","locations":[{"start":{"line":1,"column":15},"end":{"line":1,"column":39}},{"start":{"line":1,"column":41},"end":{"line":1,"column":64}}],"line":1},"2":{"loc":{"start":{"line":1,"column":84},"end":{"line":1,"column":199}},"type":"cond-expr","locations":[{"start":{"line":1,"column":122},"end":{"line":1,"column":134}},{"start":{"line":1,"column":135},"end":{"line":1,"column":199}}],"line":1},"3":{"loc":{"start":{"line":1,"column":84},"end":{"line":1,"column":121}},"type":"binary-expr","locations":[{"start":{"line":1,"column":84},"end":{"line":1,"column":109}},{"start":{"line":1,"column":111},"end":{"line":1,"column":121}}],"line":1},"4":{"loc":{"start":{"line":1,"column":135},"end":{"line":1,"column":199}},"type":"cond-expr","locations":[{"start":{"line":1,"column":160},"end":{"line":1,"column":182}},{"start":{"line":1,"column":183},"end":{"line":1,"column":199}}],"line":1},"5":{"loc":{"start":{"line":1,"column":261},"end":{"line":1,"column":289}},"type":"if","locations":[{"start":{"line":1,"column":261},"end":{"line":1,"column":289}},{"start":{"line":1,"column":261},"end":{"line":1,"column":289}}],"line":1},"6":{"loc":{"start":{"line":1,"column":420},"end":{"line":1,"column":478}},"type":"binary-expr","locations":[{"start":{"line":1,"column":420},"end":{"line":1,"column":428}},{"start":{"line":1,"column":430},"end":{"line":1,"column":478}}],"line":1},"7":{"loc":{"start":{"line":1,"column":496},"end":{"line":1,"column":604}},"type":"binary-expr","locations":[{"start":{"line":1,"column":496},"end":{"line":1,"column":522}},{"start":{"line":1,"column":524},"end":{"line":1,"column":542}},{"start":{"line":1,"column":544},"end":{"line":1,"column":604}}],"line":1},"8":{"loc":{"start":{"line":1,"column":673},"end":{"line":1,"column":703}},"type":"if","locations":[{"start":{"line":1,"column":673},"end":{"line":1,"column":703}},{"start":{"line":1,"column":673},"end":{"line":1,"column":703}}],"line":1},"9":{"loc":{"start":{"line":1,"column":676},"end":{"line":1,"column":689}},"type":"binary-expr","locations":[{"start":{"line":1,"column":676},"end":{"line":1,"column":679}},{"start":{"line":1,"column":682},"end":{"line":1,"column":688}}],"line":1},"10":{"loc":{"start":{"line":1,"column":703},"end":{"line":1,"column":756}},"type":"if","locations":[{"start":{"line":1,"column":703},"end":{"line":1,"column":756}},{"start":{"line":1,"column":703},"end":{"line":1,"column":756}}],"line":1},"11":{"loc":{"start":{"line":1,"column":706},"end":{"line":1,"column":746}},"type":"binary-expr","locations":[{"start":{"line":1,"column":706},"end":{"line":1,"column":709}},{"start":{"line":1,"column":711},"end":{"line":1,"column":729}},{"start":{"line":1,"column":731},"end":{"line":1,"column":732}},{"start":{"line":1,"column":734},"end":{"line":1,"column":746}}],"line":1},"12":{"loc":{"start":{"line":1,"column":782},"end":{"line":1,"column":937}},"type":"if","locations":[{"start":{"line":1,"column":782},"end":{"line":1,"column":937}},{"start":{"line":1,"column":782},"end":{"line":1,"column":937}}],"line":1},"13":{"loc":{"start":{"line":1,"column":851},"end":{"line":1,"column":874}},"type":"binary-expr","locations":[{"start":{"line":1,"column":851},"end":{"line":1,"column":854}},{"start":{"line":1,"column":856},"end":{"line":1,"column":874}}],"line":1},"14":{"loc":{"start":{"line":1,"column":969},"end":{"line":1,"column":1034}},"type":"cond-expr","locations":[{"start":{"line":1,"column":985},"end":{"line":1,"column":1013}},{"start":{"line":1,"column":1014},"end":{"line":1,"column":1034}}],"line":1},"15":{"loc":{"start":{"line":1,"column":969},"end":{"line":1,"column":984}},"type":"binary-expr","locations":[{"start":{"line":1,"column":969},"end":{"line":1,"column":970}},{"start":{"line":1,"column":972},"end":{"line":1,"column":984}}],"line":1},"16":{"loc":{"start":{"line":1,"column":1171},"end":{"line":1,"column":1207}},"type":"binary-expr","locations":[{"start":{"line":1,"column":1171},"end":{"line":1,"column":1189}},{"start":{"line":1,"column":1192},"end":{"line":1,"column":1206}}],"line":1},"17":{"loc":{"start":{"line":1,"column":1268},"end":{"line":1,"column":1298}},"type":"binary-expr","locations":[{"start":{"line":1,"column":1268},"end":{"line":1,"column":1276}},{"start":{"line":1,"column":1279},"end":{"line":1,"column":1297}}],"line":1},"18":{"loc":{"start":{"line":1,"column":4996},"end":{"line":1,"column":5004}},"type":"binary-expr","locations":[{"start":{"line":1,"column":4996},"end":{"line":1,"column":5000}},{"start":{"line":1,"column":5002},"end":{"line":1,"column":5004}}],"line":1},"19":{"loc":{"start":{"line":1,"column":5012},"end":{"line":1,"column":5027}},"type":"if","locations":[{"start":{"line":1,"column":5012},"end":{"line":1,"column":5027}},{"start":{"line":1,"column":5012},"end":{"line":1,"column":5027}}],"line":1},"20":{"loc":{"start":{"line":1,"column":5027},"end":{"line":1,"column":5314}},"type":"if","locations":[{"start":{"line":1,"column":5027},"end":{"line":1,"column":5314}},{"start":{"line":1,"column":5027},"end":{"line":1,"column":5314}}],"line":1},"21":{"loc":{"start":{"line":1,"column":5030},"end":{"line":1,"column":5056}},"type":"binary-expr","locations":[{"start":{"line":1,"column":5030},"end":{"line":1,"column":5031}},{"start":{"line":1,"column":5033},"end":{"line":1,"column":5056}}],"line":1},"22":{"loc":{"start":{"line":1,"column":5354},"end":{"line":1,"column":5385}},"type":"cond-expr","locations":[{"start":{"line":1,"column":5359},"end":{"line":1,"column":5383}},{"start":{"line":1,"column":5384},"end":{"line":1,"column":5385}}],"line":1},"23":{"loc":{"start":{"line":1,"column":5416},"end":{"line":1,"column":5453}},"type":"binary-expr","locations":[{"start":{"line":1,"column":5416},"end":{"line":1,"column":5434}},{"start":{"line":1,"column":5437},"end":{"line":1,"column":5452}}],"line":1},"24":{"loc":{"start":{"line":1,"column":5507},"end":{"line":1,"column":5525}},"type":"binary-expr","locations":[{"start":{"line":1,"column":5507},"end":{"line":1,"column":5514}},{"start":{"line":1,"column":5517},"end":{"line":1,"column":5524}}],"line":1},"25":{"loc":{"start":{"line":1,"column":5561},"end":{"line":1,"column":5644}},"type":"binary-expr","locations":[{"start":{"line":1,"column":5561},"end":{"line":1,"column":5571}},{"start":{"line":1,"column":5573},"end":{"line":1,"column":5580}},{"start":{"line":1,"column":5583},"end":{"line":1,"column":5643}}],"line":1},"26":{"loc":{"start":{"line":1,"column":5583},"end":{"line":1,"column":5633}},"type":"cond-expr","locations":[{"start":{"line":1,"column":5592},"end":{"line":1,"column":5598}},{"start":{"line":1,"column":5599},"end":{"line":1,"column":5633}}],"line":1},"27":{"loc":{"start":{"line":1,"column":5583},"end":{"line":1,"column":5591}},"type":"binary-expr","locations":[{"start":{"line":1,"column":5583},"end":{"line":1,"column":5584}},{"start":{"line":1,"column":5586},"end":{"line":1,"column":5591}}],"line":1},"28":{"loc":{"start":{"line":1,"column":5599},"end":{"line":1,"column":5633}},"type":"binary-expr","locations":[{"start":{"line":1,"column":5599},"end":{"line":1,"column":5600}},{"start":{"line":1,"column":5603},"end":{"line":1,"column":5632}}],"line":1},"29":{"loc":{"start":{"line":1,"column":5703},"end":{"line":1,"column":5747}},"type":"binary-expr","locations":[{"start":{"line":1,"column":5703},"end":{"line":1,"column":5709}},{"start":{"line":1,"column":5711},"end":{"line":1,"column":5719}},{"start":{"line":1,"column":5721},"end":{"line":1,"column":5733}},{"start":{"line":1,"column":5735},"end":{"line":1,"column":5747}}],"line":1},"30":{"loc":{"start":{"line":1,"column":5767},"end":{"line":1,"column":5806}},"type":"binary-expr","locations":[{"start":{"line":1,"column":5767},"end":{"line":1,"column":5777}},{"start":{"line":1,"column":5780},"end":{"line":1,"column":5805}}],"line":1},"31":{"loc":{"start":{"line":1,"column":5855},"end":{"line":1,"column":5890}},"type":"if","locations":[{"start":{"line":1,"column":5855},"end":{"line":1,"column":5890}},{"start":{"line":1,"column":5855},"end":{"line":1,"column":5890}}],"line":1},"32":{"loc":{"start":{"line":1,"column":5890},"end":{"line":1,"column":6117}},"type":"if","locations":[{"start":{"line":1,"column":5890},"end":{"line":1,"column":6117}},{"start":{"line":1,"column":5890},"end":{"line":1,"column":6117}}],"line":1},"33":{"loc":{"start":{"line":1,"column":5935},"end":{"line":1,"column":5981}},"type":"cond-expr","locations":[{"start":{"line":1,"column":5937},"end":{"line":1,"column":5955}},{"start":{"line":1,"column":5956},"end":{"line":1,"column":5981}}],"line":1},"34":{"loc":{"start":{"line":1,"column":5998},"end":{"line":1,"column":6110}},"type":"if","locations":[{"start":{"line":1,"column":5998},"end":{"line":1,"column":6110}},{"start":{"line":1,"column":5998},"end":{"line":1,"column":6110}}],"line":1},"35":{"loc":{"start":{"line":1,"column":6001},"end":{"line":1,"column":6064}},"type":"binary-expr","locations":[{"start":{"line":1,"column":6001},"end":{"line":1,"column":6025}},{"start":{"line":1,"column":6027},"end":{"line":1,"column":6064}}],"line":1},"36":{"loc":{"start":{"line":1,"column":6221},"end":{"line":1,"column":6448}},"type":"if","locations":[{"start":{"line":1,"column":6221},"end":{"line":1,"column":6448}},{"start":{"line":1,"column":6221},"end":{"line":1,"column":6448}}],"line":1},"37":{"loc":{"start":{"line":1,"column":6517},"end":{"line":1,"column":6540}},"type":"cond-expr","locations":[{"start":{"line":1,"column":6524},"end":{"line":1,"column":6535}},{"start":{"line":1,"column":6536},"end":{"line":1,"column":6540}}],"line":1},"38":{"loc":{"start":{"line":1,"column":6580},"end":{"line":1,"column":6633}},"type":"cond-expr","locations":[{"start":{"line":1,"column":6585},"end":{"line":1,"column":6603}},{"start":{"line":1,"column":6604},"end":{"line":1,"column":6633}}],"line":1},"39":{"loc":{"start":{"line":1,"column":6681},"end":{"line":1,"column":6814}},"type":"if","locations":[{"start":{"line":1,"column":6681},"end":{"line":1,"column":6814}},{"start":{"line":1,"column":6681},"end":{"line":1,"column":6814}}],"line":1},"40":{"loc":{"start":{"line":1,"column":6834},"end":{"line":1,"column":7320}},"type":"if","locations":[{"start":{"line":1,"column":6834},"end":{"line":1,"column":7320}},{"start":{"line":1,"column":6834},"end":{"line":1,"column":7320}}],"line":1},"41":{"loc":{"start":{"line":1,"column":6856},"end":{"line":1,"column":6951}},"type":"cond-expr","locations":[{"start":{"line":1,"column":6858},"end":{"line":1,"column":6920}},{"start":{"line":1,"column":6921},"end":{"line":1,"column":6951}}],"line":1},"42":{"loc":{"start":{"line":1,"column":6858},"end":{"line":1,"column":6920}},"type":"cond-expr","locations":[{"start":{"line":1,"column":6872},"end":{"line":1,"column":6903}},{"start":{"line":1,"column":6904},"end":{"line":1,"column":6920}}],"line":1},"43":{"loc":{"start":{"line":1,"column":6967},"end":{"line":1,"column":7320}},"type":"if","locations":[{"start":{"line":1,"column":6967},"end":{"line":1,"column":7320}},{"start":{"line":1,"column":6967},"end":{"line":1,"column":7320}}],"line":1},"44":{"loc":{"start":{"line":1,"column":7014},"end":{"line":1,"column":7271}},"type":"if","locations":[{"start":{"line":1,"column":7014},"end":{"line":1,"column":7271}},{"start":{"line":1,"column":7014},"end":{"line":1,"column":7271}}],"line":1},"45":{"loc":{"start":{"line":1,"column":7017},"end":{"line":1,"column":7064}},"type":"binary-expr","locations":[{"start":{"line":1,"column":7017},"end":{"line":1,"column":7044}},{"start":{"line":1,"column":7046},"end":{"line":1,"column":7064}}],"line":1},"46":{"loc":{"start":{"line":1,"column":7335},"end":{"line":1,"column":7367}},"type":"if","locations":[{"start":{"line":1,"column":7335},"end":{"line":1,"column":7367}},{"start":{"line":1,"column":7335},"end":{"line":1,"column":7367}}],"line":1},"47":{"loc":{"start":{"line":1,"column":7414},"end":{"line":1,"column":7433}},"type":"binary-expr","locations":[{"start":{"line":1,"column":7414},"end":{"line":1,"column":7418}},{"start":{"line":1,"column":7420},"end":{"line":1,"column":7433}}],"line":1},"48":{"loc":{"start":{"line":1,"column":7486},"end":{"line":1,"column":7617}},"type":"if","locations":[{"start":{"line":1,"column":7486},"end":{"line":1,"column":7617}},{"start":{"line":1,"column":7486},"end":{"line":1,"column":7617}}],"line":1},"49":{"loc":{"start":{"line":1,"column":7489},"end":{"line":1,"column":7537}},"type":"binary-expr","locations":[{"start":{"line":1,"column":7489},"end":{"line":1,"column":7510}},{"start":{"line":1,"column":7513},"end":{"line":1,"column":7536}}],"line":1},"50":{"loc":{"start":{"line":1,"column":7596},"end":{"line":1,"column":7616}},"type":"binary-expr","locations":[{"start":{"line":1,"column":7596},"end":{"line":1,"column":7597}},{"start":{"line":1,"column":7600},"end":{"line":1,"column":7615}}],"line":1},"51":{"loc":{"start":{"line":1,"column":7750},"end":{"line":1,"column":7886}},"type":"if","locations":[{"start":{"line":1,"column":7750},"end":{"line":1,"column":7886}},{"start":{"line":1,"column":7750},"end":{"line":1,"column":7886}}],"line":1},"52":{"loc":{"start":{"line":1,"column":7753},"end":{"line":1,"column":7771}},"type":"binary-expr","locations":[{"start":{"line":1,"column":7753},"end":{"line":1,"column":7764}},{"start":{"line":1,"column":7766},"end":{"line":1,"column":7771}}],"line":1},"53":{"loc":{"start":{"line":1,"column":7773},"end":{"line":1,"column":7878}},"type":"if","locations":[{"start":{"line":1,"column":7773},"end":{"line":1,"column":7878}},{"start":{"line":1,"column":7773},"end":{"line":1,"column":7878}}],"line":1},"54":{"loc":{"start":{"line":1,"column":7780},"end":{"line":1,"column":7856}},"type":"cond-expr","locations":[{"start":{"line":1,"column":7811},"end":{"line":1,"column":7829}},{"start":{"line":1,"column":7830},"end":{"line":1,"column":7856}}],"line":1},"55":{"loc":{"start":{"line":1,"column":7886},"end":{"line":1,"column":8962}},"type":"if","locations":[{"start":{"line":1,"column":7886},"end":{"line":1,"column":8962}},{"start":{"line":1,"column":7886},"end":{"line":1,"column":8962}}],"line":1},"56":{"loc":{"start":{"line":1,"column":7914},"end":{"line":1,"column":7925}},"type":"binary-expr","locations":[{"start":{"line":1,"column":7914},"end":{"line":1,"column":7915}},{"start":{"line":1,"column":7918},"end":{"line":1,"column":7924}}],"line":1},"57":{"loc":{"start":{"line":1,"column":7975},"end":{"line":1,"column":8961}},"type":"cond-expr","locations":[{"start":{"line":1,"column":8142},"end":{"line":1,"column":8717}},{"start":{"line":1,"column":8720},"end":{"line":1,"column":8960}}],"line":1},"58":{"loc":{"start":{"line":1,"column":7975},"end":{"line":1,"column":8140}},"type":"binary-expr","locations":[{"start":{"line":1,"column":7975},"end":{"line":1,"column":7986}},{"start":{"line":1,"column":7988},"end":{"line":1,"column":8010}},{"start":{"line":1,"column":8012},"end":{"line":1,"column":8050}},{"start":{"line":1,"column":8052},"end":{"line":1,"column":8090}},{"start":{"line":1,"column":8092},"end":{"line":1,"column":8115}},{"start":{"line":1,"column":8117},"end":{"line":1,"column":8140}}],"line":1},"59":{"loc":{"start":{"line":1,"column":8200},"end":{"line":1,"column":8248}},"type":"binary-expr","locations":[{"start":{"line":1,"column":8200},"end":{"line":1,"column":8221}},{"start":{"line":1,"column":8224},"end":{"line":1,"column":8247}}],"line":1},"60":{"loc":{"start":{"line":1,"column":8346},"end":{"line":1,"column":8381}},"type":"binary-expr","locations":[{"start":{"line":1,"column":8346},"end":{"line":1,"column":8378}},{"start":{"line":1,"column":8380},"end":{"line":1,"column":8381}}],"line":1},"61":{"loc":{"start":{"line":1,"column":8382},"end":{"line":1,"column":8420}},"type":"binary-expr","locations":[{"start":{"line":1,"column":8383},"end":{"line":1,"column":8406}},{"start":{"line":1,"column":8408},"end":{"line":1,"column":8409}},{"start":{"line":1,"column":8413},"end":{"line":1,"column":8419}}],"line":1},"62":{"loc":{"start":{"line":1,"column":8421},"end":{"line":1,"column":8543}},"type":"binary-expr","locations":[{"start":{"line":1,"column":8421},"end":{"line":1,"column":8422}},{"start":{"line":1,"column":8425},"end":{"line":1,"column":8542}}],"line":1},"63":{"loc":{"start":{"line":1,"column":8621},"end":{"line":1,"column":8646}},"type":"binary-expr","locations":[{"start":{"line":1,"column":8621},"end":{"line":1,"column":8622}},{"start":{"line":1,"column":8624},"end":{"line":1,"column":8646}}],"line":1},"64":{"loc":{"start":{"line":1,"column":8681},"end":{"line":1,"column":8716}},"type":"binary-expr","locations":[{"start":{"line":1,"column":8681},"end":{"line":1,"column":8687}},{"start":{"line":1,"column":8689},"end":{"line":1,"column":8716}}],"line":1},"65":{"loc":{"start":{"line":1,"column":8765},"end":{"line":1,"column":8793}},"type":"binary-expr","locations":[{"start":{"line":1,"column":8765},"end":{"line":1,"column":8766}},{"start":{"line":1,"column":8768},"end":{"line":1,"column":8793}}],"line":1},"66":{"loc":{"start":{"line":1,"column":8794},"end":{"line":1,"column":8927}},"type":"if","locations":[{"start":{"line":1,"column":8794},"end":{"line":1,"column":8927}},{"start":{"line":1,"column":8794},"end":{"line":1,"column":8927}}],"line":1},"67":{"loc":{"start":{"line":1,"column":8986},"end":{"line":1,"column":9077}},"type":"if","locations":[{"start":{"line":1,"column":8986},"end":{"line":1,"column":9077}},{"start":{"line":1,"column":8986},"end":{"line":1,"column":9077}}],"line":1},"68":{"loc":{"start":{"line":1,"column":8992},"end":{"line":1,"column":9062}},"type":"if","locations":[{"start":{"line":1,"column":8992},"end":{"line":1,"column":9062}},{"start":{"line":1,"column":8992},"end":{"line":1,"column":9062}}],"line":1},"69":{"loc":{"start":{"line":1,"column":8995},"end":{"line":1,"column":9054}},"type":"binary-expr","locations":[{"start":{"line":1,"column":8995},"end":{"line":1,"column":9008}},{"start":{"line":1,"column":9010},"end":{"line":1,"column":9027}},{"start":{"line":1,"column":9029},"end":{"line":1,"column":9054}}],"line":1},"70":{"loc":{"start":{"line":1,"column":9103},"end":{"line":1,"column":9246}},"type":"if","locations":[{"start":{"line":1,"column":9103},"end":{"line":1,"column":9246}},{"start":{"line":1,"column":9103},"end":{"line":1,"column":9246}}],"line":1},"71":{"loc":{"start":{"line":1,"column":9106},"end":{"line":1,"column":9165}},"type":"binary-expr","locations":[{"start":{"line":1,"column":9106},"end":{"line":1,"column":9131}},{"start":{"line":1,"column":9133},"end":{"line":1,"column":9138}},{"start":{"line":1,"column":9140},"end":{"line":1,"column":9165}}],"line":1},"72":{"loc":{"start":{"line":1,"column":9249},"end":{"line":1,"column":9254}},"type":"binary-expr","locations":[{"start":{"line":1,"column":9249},"end":{"line":1,"column":9250}},{"start":{"line":1,"column":9252},"end":{"line":1,"column":9254}}],"line":1},"73":{"loc":{"start":{"line":1,"column":9262},"end":{"line":1,"column":9297}},"type":"cond-expr","locations":[{"start":{"line":1,"column":9287},"end":{"line":1,"column":9294}},{"start":{"line":1,"column":9295},"end":{"line":1,"column":9297}}],"line":1},"74":{"loc":{"start":{"line":1,"column":9298},"end":{"line":1,"column":9359}},"type":"binary-expr","locations":[{"start":{"line":1,"column":9298},"end":{"line":1,"column":9309}},{"start":{"line":1,"column":9311},"end":{"line":1,"column":9340}},{"start":{"line":1,"column":9343},"end":{"line":1,"column":9358}}],"line":1},"75":{"loc":{"start":{"line":1,"column":9360},"end":{"line":1,"column":9395}},"type":"binary-expr","locations":[{"start":{"line":1,"column":9360},"end":{"line":1,"column":9372}},{"start":{"line":1,"column":9375},"end":{"line":1,"column":9394}}],"line":1},"76":{"loc":{"start":{"line":1,"column":9396},"end":{"line":1,"column":9429}},"type":"binary-expr","locations":[{"start":{"line":1,"column":9396},"end":{"line":1,"column":9406}},{"start":{"line":1,"column":9409},"end":{"line":1,"column":9428}}],"line":1},"77":{"loc":{"start":{"line":1,"column":9542},"end":{"line":1,"column":9556}},"type":"binary-expr","locations":[{"start":{"line":1,"column":9542},"end":{"line":1,"column":9543}},{"start":{"line":1,"column":9545},"end":{"line":1,"column":9556}}],"line":1},"78":{"loc":{"start":{"line":1,"column":9587},"end":{"line":1,"column":9670}},"type":"if","locations":[{"start":{"line":1,"column":9587},"end":{"line":1,"column":9670}},{"start":{"line":1,"column":9587},"end":{"line":1,"column":9670}}],"line":1},"79":{"loc":{"start":{"line":1,"column":9773},"end":{"line":1,"column":9783}},"type":"cond-expr","locations":[{"start":{"line":1,"column":9775},"end":{"line":1,"column":9777}},{"start":{"line":1,"column":9778},"end":{"line":1,"column":9783}}],"line":1},"80":{"loc":{"start":{"line":1,"column":9784},"end":{"line":1,"column":9956}},"type":"if","locations":[{"start":{"line":1,"column":9784},"end":{"line":1,"column":9956}},{"start":{"line":1,"column":9784},"end":{"line":1,"column":9956}}],"line":1},"81":{"loc":{"start":{"line":1,"column":9881},"end":{"line":1,"column":9906}},"type":"binary-expr","locations":[{"start":{"line":1,"column":9881},"end":{"line":1,"column":9885}},{"start":{"line":1,"column":9887},"end":{"line":1,"column":9906}}],"line":1},"82":{"loc":{"start":{"line":1,"column":9907},"end":{"line":1,"column":9955}},"type":"cond-expr","locations":[{"start":{"line":1,"column":9916},"end":{"line":1,"column":9938}},{"start":{"line":1,"column":9939},"end":{"line":1,"column":9955}}],"line":1},"83":{"loc":{"start":{"line":1,"column":10001},"end":{"line":1,"column":10044}},"type":"binary-expr","locations":[{"start":{"line":1,"column":10001},"end":{"line":1,"column":10027}},{"start":{"line":1,"column":10029},"end":{"line":1,"column":10044}}],"line":1},"84":{"loc":{"start":{"line":1,"column":10045},"end":{"line":1,"column":10103}},"type":"if","locations":[{"start":{"line":1,"column":10045},"end":{"line":1,"column":10103}},{"start":{"line":1,"column":10045},"end":{"line":1,"column":10103}}],"line":1},"85":{"loc":{"start":{"line":1,"column":10103},"end":{"line":1,"column":10138}},"type":"if","locations":[{"start":{"line":1,"column":10103},"end":{"line":1,"column":10138}},{"start":{"line":1,"column":10103},"end":{"line":1,"column":10138}}],"line":1},"86":{"loc":{"start":{"line":1,"column":10106},"end":{"line":1,"column":10128}},"type":"binary-expr","locations":[{"start":{"line":1,"column":10106},"end":{"line":1,"column":10108}},{"start":{"line":1,"column":10110},"end":{"line":1,"column":10128}}],"line":1},"87":{"loc":{"start":{"line":1,"column":10403},"end":{"line":1,"column":10566}},"type":"cond-expr","locations":[{"start":{"line":1,"column":10463},"end":{"line":1,"column":10464}},{"start":{"line":1,"column":10466},"end":{"line":1,"column":10565}}],"line":1},"88":{"loc":{"start":{"line":1,"column":10468},"end":{"line":1,"column":10536}},"type":"cond-expr","locations":[{"start":{"line":1,"column":10488},"end":{"line":1,"column":10489}},{"start":{"line":1,"column":10490},"end":{"line":1,"column":10536}}],"line":1},"89":{"loc":{"start":{"line":1,"column":10490},"end":{"line":1,"column":10536}},"type":"cond-expr","locations":[{"start":{"line":1,"column":10509},"end":{"line":1,"column":10512}},{"start":{"line":1,"column":10513},"end":{"line":1,"column":10536}}],"line":1},"90":{"loc":{"start":{"line":1,"column":10656},"end":{"line":1,"column":10669}},"type":"binary-expr","locations":[{"start":{"line":1,"column":10656},"end":{"line":1,"column":10666}},{"start":{"line":1,"column":10668},"end":{"line":1,"column":10669}}],"line":1},"91":{"loc":{"start":{"line":1,"column":10997},"end":{"line":1,"column":12224}},"type":"cond-expr","locations":[{"start":{"line":1,"column":11012},"end":{"line":1,"column":12217}},{"start":{"line":1,"column":12218},"end":{"line":1,"column":12224}}],"line":1},"92":{"loc":{"start":{"line":1,"column":11246},"end":{"line":1,"column":11458}},"type":"cond-expr","locations":[{"start":{"line":1,"column":11261},"end":{"line":1,"column":11451}},{"start":{"line":1,"column":11452},"end":{"line":1,"column":11458}}],"line":1},"93":{"loc":{"start":{"line":1,"column":11469},"end":{"line":1,"column":11703}},"type":"cond-expr","locations":[{"start":{"line":1,"column":11484},"end":{"line":1,"column":11696}},{"start":{"line":1,"column":11697},"end":{"line":1,"column":11703}}],"line":1},"94":{"loc":{"start":{"line":1,"column":11714},"end":{"line":1,"column":11947}},"type":"cond-expr","locations":[{"start":{"line":1,"column":11729},"end":{"line":1,"column":11940}},{"start":{"line":1,"column":11941},"end":{"line":1,"column":11947}}],"line":1},"95":{"loc":{"start":{"line":1,"column":11958},"end":{"line":1,"column":12215}},"type":"cond-expr","locations":[{"start":{"line":1,"column":11973},"end":{"line":1,"column":12208}},{"start":{"line":1,"column":12209},"end":{"line":1,"column":12215}}],"line":1},"96":{"loc":{"start":{"line":1,"column":12237},"end":{"line":1,"column":12596}},"type":"cond-expr","locations":[{"start":{"line":1,"column":12251},"end":{"line":1,"column":12589}},{"start":{"line":1,"column":12590},"end":{"line":1,"column":12596}}],"line":1},"97":{"loc":{"start":{"line":1,"column":13107},"end":{"line":1,"column":14007}},"type":"if","locations":[{"start":{"line":1,"column":13107},"end":{"line":1,"column":14007}},{"start":{"line":1,"column":13107},"end":{"line":1,"column":14007}}],"line":1},"98":{"loc":{"start":{"line":1,"column":13189},"end":{"line":1,"column":13735}},"type":"if","locations":[{"start":{"line":1,"column":13189},"end":{"line":1,"column":13735}},{"start":{"line":1,"column":13189},"end":{"line":1,"column":13735}}],"line":1},"99":{"loc":{"start":{"line":1,"column":13192},"end":{"line":1,"column":13236}},"type":"binary-expr","locations":[{"start":{"line":1,"column":13192},"end":{"line":1,"column":13218}},{"start":{"line":1,"column":13220},"end":{"line":1,"column":13236}}],"line":1},"100":{"loc":{"start":{"line":1,"column":13306},"end":{"line":1,"column":13341}},"type":"binary-expr","locations":[{"start":{"line":1,"column":13306},"end":{"line":1,"column":13317}},{"start":{"line":1,"column":13319},"end":{"line":1,"column":13341}}],"line":1},"101":{"loc":{"start":{"line":1,"column":13429},"end":{"line":1,"column":13735}},"type":"if","locations":[{"start":{"line":1,"column":13429},"end":{"line":1,"column":13735}},{"start":{"line":1,"column":13429},"end":{"line":1,"column":13735}}],"line":1},"102":{"loc":{"start":{"line":1,"column":13432},"end":{"line":1,"column":13471}},"type":"binary-expr","locations":[{"start":{"line":1,"column":13432},"end":{"line":1,"column":13453}},{"start":{"line":1,"column":13455},"end":{"line":1,"column":13471}}],"line":1},"103":{"loc":{"start":{"line":1,"column":14026},"end":{"line":1,"column":14397}},"type":"if","locations":[{"start":{"line":1,"column":14026},"end":{"line":1,"column":14397}},{"start":{"line":1,"column":14026},"end":{"line":1,"column":14397}}],"line":1},"104":{"loc":{"start":{"line":1,"column":14069},"end":{"line":1,"column":14343}},"type":"if","locations":[{"start":{"line":1,"column":14069},"end":{"line":1,"column":14343}},{"start":{"line":1,"column":14069},"end":{"line":1,"column":14343}}],"line":1},"105":{"loc":{"start":{"line":1,"column":14124},"end":{"line":1,"column":14159}},"type":"binary-expr","locations":[{"start":{"line":1,"column":14124},"end":{"line":1,"column":14135}},{"start":{"line":1,"column":14137},"end":{"line":1,"column":14159}}],"line":1},"106":{"loc":{"start":{"line":1,"column":14484},"end":{"line":1,"column":15013}},"type":"if","locations":[{"start":{"line":1,"column":14484},"end":{"line":1,"column":15013}},{"start":{"line":1,"column":14484},"end":{"line":1,"column":15013}}],"line":1},"107":{"loc":{"start":{"line":1,"column":14557},"end":{"line":1,"column":14619}},"type":"if","locations":[{"start":{"line":1,"column":14557},"end":{"line":1,"column":14619}},{"start":{"line":1,"column":14557},"end":{"line":1,"column":14619}}],"line":1},"108":{"loc":{"start":{"line":1,"column":14619},"end":{"line":1,"column":15012}},"type":"if","locations":[{"start":{"line":1,"column":14619},"end":{"line":1,"column":15012}},{"start":{"line":1,"column":14619},"end":{"line":1,"column":15012}}],"line":1},"109":{"loc":{"start":{"line":1,"column":14711},"end":{"line":1,"column":14779}},"type":"cond-expr","locations":[{"start":{"line":1,"column":14754},"end":{"line":1,"column":14768}},{"start":{"line":1,"column":14769},"end":{"line":1,"column":14779}}],"line":1},"110":{"loc":{"start":{"line":1,"column":14801},"end":{"line":1,"column":14869}},"type":"binary-expr","locations":[{"start":{"line":1,"column":14801},"end":{"line":1,"column":14804}},{"start":{"line":1,"column":14806},"end":{"line":1,"column":14869}}],"line":1},"111":{"loc":{"start":{"line":1,"column":14870},"end":{"line":1,"column":14938}},"type":"binary-expr","locations":[{"start":{"line":1,"column":14870},"end":{"line":1,"column":14873}},{"start":{"line":1,"column":14875},"end":{"line":1,"column":14938}}],"line":1},"112":{"loc":{"start":{"line":1,"column":15379},"end":{"line":1,"column":15392}},"type":"cond-expr","locations":[{"start":{"line":1,"column":15383},"end":{"line":1,"column":15384}},{"start":{"line":1,"column":15385},"end":{"line":1,"column":15392}}],"line":1},"113":{"loc":{"start":{"line":1,"column":15385},"end":{"line":1,"column":15392}},"type":"cond-expr","locations":[{"start":{"line":1,"column":15389},"end":{"line":1,"column":15390}},{"start":{"line":1,"column":15391},"end":{"line":1,"column":15392}}],"line":1},"114":{"loc":{"start":{"line":1,"column":15460},"end":{"line":1,"column":15529}},"type":"binary-expr","locations":[{"start":{"line":1,"column":15460},"end":{"line":1,"column":15493}},{"start":{"line":1,"column":15495},"end":{"line":1,"column":15529}}],"line":1},"115":{"loc":{"start":{"line":1,"column":15631},"end":{"line":1,"column":15957}},"type":"switch","locations":[{"start":{"line":1,"column":15641},"end":{"line":1,"column":15733}},{"start":{"line":1,"column":15733},"end":{"line":1,"column":15802}},{"start":{"line":1,"column":15802},"end":{"line":1,"column":15853}},{"start":{"line":1,"column":15853},"end":{"line":1,"column":15921}},{"start":{"line":1,"column":15921},"end":{"line":1,"column":15956}}],"line":1},"116":{"loc":{"start":{"line":1,"column":16447},"end":{"line":1,"column":16699}},"type":"cond-expr","locations":[{"start":{"line":1,"column":16471},"end":{"line":1,"column":16516}},{"start":{"line":1,"column":16517},"end":{"line":1,"column":16699}}],"line":1},"117":{"loc":{"start":{"line":1,"column":16517},"end":{"line":1,"column":16699}},"type":"cond-expr","locations":[{"start":{"line":1,"column":16542},"end":{"line":1,"column":16612}},{"start":{"line":1,"column":16613},"end":{"line":1,"column":16699}}],"line":1},"118":{"loc":{"start":{"line":1,"column":16613},"end":{"line":1,"column":16699}},"type":"binary-expr","locations":[{"start":{"line":1,"column":16613},"end":{"line":1,"column":16637}},{"start":{"line":1,"column":16639},"end":{"line":1,"column":16699}}],"line":1},"119":{"loc":{"start":{"line":1,"column":16889},"end":{"line":1,"column":16920}},"type":"binary-expr","locations":[{"start":{"line":1,"column":16889},"end":{"line":1,"column":16896}},{"start":{"line":1,"column":16898},"end":{"line":1,"column":16920}}],"line":1},"120":{"loc":{"start":{"line":1,"column":16921},"end":{"line":1,"column":16952}},"type":"binary-expr","locations":[{"start":{"line":1,"column":16921},"end":{"line":1,"column":16928}},{"start":{"line":1,"column":16930},"end":{"line":1,"column":16952}}],"line":1},"121":{"loc":{"start":{"line":1,"column":16999},"end":{"line":1,"column":17067}},"type":"binary-expr","locations":[{"start":{"line":1,"column":16999},"end":{"line":1,"column":17025}},{"start":{"line":1,"column":17027},"end":{"line":1,"column":17067}}],"line":1},"122":{"loc":{"start":{"line":1,"column":17393},"end":{"line":1,"column":17425}},"type":"cond-expr","locations":[{"start":{"line":1,"column":17414},"end":{"line":1,"column":17423}},{"start":{"line":1,"column":17424},"end":{"line":1,"column":17425}}],"line":1},"123":{"loc":{"start":{"line":1,"column":17426},"end":{"line":1,"column":18044}},"type":"if","locations":[{"start":{"line":1,"column":17426},"end":{"line":1,"column":18044}},{"start":{"line":1,"column":17426},"end":{"line":1,"column":18044}}],"line":1},"124":{"loc":{"start":{"line":1,"column":17429},"end":{"line":1,"column":17479}},"type":"binary-expr","locations":[{"start":{"line":1,"column":17429},"end":{"line":1,"column":17430}},{"start":{"line":1,"column":17433},"end":{"line":1,"column":17478}}],"line":1},"125":{"loc":{"start":{"line":1,"column":17480},"end":{"line":1,"column":17500}},"type":"binary-expr","locations":[{"start":{"line":1,"column":17480},"end":{"line":1,"column":17481}},{"start":{"line":1,"column":17484},"end":{"line":1,"column":17499}}],"line":1},"126":{"loc":{"start":{"line":1,"column":17501},"end":{"line":1,"column":17528}},"type":"binary-expr","locations":[{"start":{"line":1,"column":17501},"end":{"line":1,"column":17502}},{"start":{"line":1,"column":17505},"end":{"line":1,"column":17527}}],"line":1},"127":{"loc":{"start":{"line":1,"column":17529},"end":{"line":1,"column":17881}},"type":"cond-expr","locations":[{"start":{"line":1,"column":17532},"end":{"line":1,"column":17813}},{"start":{"line":1,"column":17815},"end":{"line":1,"column":17881}}],"line":1},"128":{"loc":{"start":{"line":1,"column":17546},"end":{"line":1,"column":17718}},"type":"binary-expr","locations":[{"start":{"line":1,"column":17547},"end":{"line":1,"column":17651}},{"start":{"line":1,"column":17654},"end":{"line":1,"column":17693}},{"start":{"line":1,"column":17696},"end":{"line":1,"column":17717}}],"line":1},"129":{"loc":{"start":{"line":1,"column":17549},"end":{"line":1,"column":17651}},"type":"binary-expr","locations":[{"start":{"line":1,"column":17549},"end":{"line":1,"column":17550}},{"start":{"line":1,"column":17552},"end":{"line":1,"column":17563}},{"start":{"line":1,"column":17565},"end":{"line":1,"column":17587}},{"start":{"line":1,"column":17589},"end":{"line":1,"column":17600}},{"start":{"line":1,"column":17602},"end":{"line":1,"column":17620}},{"start":{"line":1,"column":17622},"end":{"line":1,"column":17651}}],"line":1},"130":{"loc":{"start":{"line":1,"column":17719},"end":{"line":1,"column":17736}},"type":"binary-expr","locations":[{"start":{"line":1,"column":17719},"end":{"line":1,"column":17720}},{"start":{"line":1,"column":17722},"end":{"line":1,"column":17736}}],"line":1},"131":{"loc":{"start":{"line":1,"column":17737},"end":{"line":1,"column":17795}},"type":"binary-expr","locations":[{"start":{"line":1,"column":17737},"end":{"line":1,"column":17738}},{"start":{"line":1,"column":17740},"end":{"line":1,"column":17763}},{"start":{"line":1,"column":17765},"end":{"line":1,"column":17795}}],"line":1},"132":{"loc":{"start":{"line":1,"column":17815},"end":{"line":1,"column":17881}},"type":"binary-expr","locations":[{"start":{"line":1,"column":17815},"end":{"line":1,"column":17816}},{"start":{"line":1,"column":17819},"end":{"line":1,"column":17880}}],"line":1},"133":{"loc":{"start":{"line":1,"column":17821},"end":{"line":1,"column":17880}},"type":"cond-expr","locations":[{"start":{"line":1,"column":17823},"end":{"line":1,"column":17878}},{"start":{"line":1,"column":17879},"end":{"line":1,"column":17880}}],"line":1},"134":{"loc":{"start":{"line":1,"column":17884},"end":{"line":1,"column":18044}},"type":"if","locations":[{"start":{"line":1,"column":17884},"end":{"line":1,"column":18044}},{"start":{"line":1,"column":17884},"end":{"line":1,"column":18044}}],"line":1},"135":{"loc":{"start":{"line":1,"column":18023},"end":{"line":1,"column":18043}},"type":"cond-expr","locations":[{"start":{"line":1,"column":18025},"end":{"line":1,"column":18039}},{"start":{"line":1,"column":18040},"end":{"line":1,"column":18043}}],"line":1},"136":{"loc":{"start":{"line":1,"column":18298},"end":{"line":1,"column":18355}},"type":"binary-expr","locations":[{"start":{"line":1,"column":18298},"end":{"line":1,"column":18324}},{"start":{"line":1,"column":18326},"end":{"line":1,"column":18336}},{"start":{"line":1,"column":18338},"end":{"line":1,"column":18355}}],"line":1}},"s":{"0":0,"1":0,"2":0,"3":0,"4":0,"5":0,"6":0,"7":0,"8":0,"9":0,"10":0,"11":0,"12":0,"13":0,"14":0,"15":0,"16":0,"17":0,"18":0,"19":0,"20":0,"21":0,"22":0,"23":0,"24":0,"25":0,"26":0,"27":0,"28":0,"29":0,"30":0,"31":0,"32":0,"33":0,"34":0,"35":0,"36":0,"37":0,"38":0,"39":0,"40":0,"41":0,"42":0,"43":0,"44":0,"45":0,"46":0,"47":0,"48":0,"49":0,"50":0,"51":0,"52":0,"53":0,"54":0,"55":0,"56":0,"57":0,"58":0,"59":0,"60":0,"61":0,"62":0,"63":0,"64":0,"65":0,"66":0,"67":0,"68":0,"69":0,"70":0,"71":0,"72":0,"73":0,"74":0,"75":0,"76":0,"77":0,"78":0,"79":0,"80":0,"81":0,"82":0,"83":0,"84":0,"85":0,"86":0,"87":0,"88":0,"89":0,"90":0,"91":0,"92":0,"93":0,"94":0,"95":0,"96":0,"97":0,"98":0,"99":0,"100":0,"101":0,"102":0,"103":0,"104":0,"105":0,"106":0,"107":0,"108":0,"109":0,"110":0,"111":0,"112":0,"113":0,"114":0,"115":0,"116":0,"117":0,"118":0,"119":0,"120":0,"121":0,"122":0,"123":0,"124":0,"125":0,"126":0,"127":0,"128":0,"129":0,"130":0,"131":0,"132":0,"133":0,"134":0,"135":0,"136":0,"137":0,"138":0,"139":0,"140":0,"141":0,"142":0,"143":0,"144":0,"145":0,"146":0,"147":0,"148":0,"149":0,"150":0,"151":0,"152":0,"153":0,"154":0,"155":0,"156":0,"157":0,"158":0,"159":0,"160":0,"161":0,"162":0,"163":0,"164":0,"165":0,"166":0,"167":0,"168":0,"169":0,"170":0,"171":0,"172":0,"173":0,"174":0,"175":0,"176":0,"177":0,"178":0,"179":0,"180":0,"181":0,"182":0,"183":0,"184":0,"185":0,"186":0,"187":0,"188":0,"189":0,"190":0,"191":0,"192":0,"193":0,"194":0,"195":0,"196":0,"197":0,"198":0,"199":0,"200":0,"201":0,"202":0,"203":0,"204":0,"205":0,"206":0,"207":0,"208":0,"209":0,"210":0,"211":0,"212":0,"213":0,"214":0,"215":0,"216":0,"217":0,"218":0,"219":0,"220":0,"221":0,"222":0,"223":0,"224":0,"225":0,"226":0,"227":0,"228":0,"229":0,"230":0,"231":0,"232":0,"233":0,"234":0,"235":0,"236":0,"237":0,"238":0,"239":0,"240":0,"241":0,"242":0,"243":0,"244":0,"245":0,"246":0,"247":0,"248":0,"249":0,"250":0,"251":0,"252":0,"253":0,"254":0,"255":0,"256":0,"257":0,"258":0,"259":0,"260":0,"261":0,"262":0,"263":0,"264":0,"265":0,"266":0,"267":0,"268":0,"269":0,"270":0,"271":0,"272":0,"273":0,"274":0,"275":0,"276":0,"277":0,"278":0,"279":0,"280":0,"281":0,"282":0,"283":0,"284":0,"285":0,"286":0,"287":0,"288":0,"289":0,"290":0,"291":0,"292":0,"293":0,"294":0,"295":0,"296":0,"297":0,"298":0,"299":0,"300":0,"301":0},"f":{"0":0,"1":0,"2":0,"3":0,"4":0,"5":0,"6":0,"7":0,"8":0,"9":0,"10":0,"11":0,"12":0,"13":0,"14":0,"15":0,"16":0,"17":0,"18":0,"19":0,"20":0,"21":0,"22":0,"23":0,"24":0,"25":0,"26":0,"27":0,"28":0,"29":0,"30":0,"31":0,"32":0,"33":0,"34":0,"35":0,"36":0,"37":0,"38":0,"39":0,"40":0,"41":0,"42":0,"43":0,"44":0,"45":0,"46":0,"47":0,"48":0,"49":0,"50":0,"51":0,"52":0,"53":0,"54":0,"55":0,"56":0,"57":0,"58":0,"59":0,"60":0,"61":0,"62":0,"63":0,"64":0,"65":0,"66":0,"67":0,"68":0,"69":0,"70":0,"71":0,"72":0,"73":0,"74":0,"75":0,"76":0,"77":0,"78":0,"79":0},"b":{"0":[0,0],"1":[0,0],"2":[0,0],"3":[0,0],"4":[0,0],"5":[0,0],"6":[0,0],"7":[0,0,0],"8":[0,0],"9":[0,0],"10":[0,0],"11":[0,0,0,0],"12":[0,0],"13":[0,0],"14":[0,0],"15":[0,0],"16":[0,0],"17":[0,0],"18":[0,0],"19":[0,0],"20":[0,0],"21":[0,0],"22":[0,0],"23":[0,0],"24":[0,0],"25":[0,0,0],"26":[0,0],"27":[0,0],"28":[0,0],"29":[0,0,0,0],"30":[0,0],"31":[0,0],"32":[0,0],"33":[0,0],"34":[0,0],"35":[0,0],"36":[0,0],"37":[0,0],"38":[0,0],"39":[0,0],"40":[0,0],"41":[0,0],"42":[0,0],"43":[0,0],"44":[0,0],"45":[0,0],"46":[0,0],"47":[0,0],"48":[0,0],"49":[0,0],"50":[0,0],"51":[0,0],"52":[0,0],"53":[0,0],"54":[0,0],"55":[0,0],"56":[0,0],"57":[0,0],"58":[0,0,0,0,0,0],"59":[0,0],"60":[0,0],"61":[0,0,0],"62":[0,0],"63":[0,0],"64":[0,0],"65":[0,0],"66":[0,0],"67":[0,0],"68":[0,0],"69":[0,0,0],"70":[0,0],"71":[0,0,0],"72":[0,0],"73":[0,0],"74":[0,0,0],"75":[0,0],"76":[0,0],"77":[0,0],"78":[0,0],"79":[0,0],"80":[0,0],"81":[0,0],"82":[0,0],"83":[0,0],"84":[0,0],"85":[0,0],"86":[0,0],"87":[0,0],"88":[0,0],"89":[0,0],"90":[0,0],"91":[0,0],"92":[0,0],"93":[0,0],"94":[0,0],"95":[0,0],"96":[0,0],"97":[0,0],"98":[0,0],"99":[0,0],"100":[0,0],"101":[0,0],"102":[0,0],"103":[0,0],"104":[0,0],"105":[0,0],"106":[0,0],"107":[0,0],"108":[0,0],"109":[0,0],"110":[0,0],"111":[0,0],"112":[0,0],"113":[0,0],"114":[0,0],"115":[0,0,0,0,0],"116":[0,0],"117":[0,0],"118":[0,0],"119":[0,0],"120":[0,0],"121":[0,0],"122":[0,0],"123":[0,0],"124":[0,0],"125":[0,0],"126":[0,0],"127":[0,0],"128":[0,0,0],"129":[0,0,0,0,0,0],"130":[0,0],"131":[0,0,0],"132":[0,0],"133":[0,0],"134":[0,0],"135":[0,0],"136":[0,0,0]}}
,"D:\\tianjiacheng\\image-screen-shoot\\src\\main.js": {"path":"D:\\tianjiacheng\\image-screen-shoot\\src\\main.js","statementMap":{"0":{"start":{"line":4,"column":0},"end":{"line":4,"column":32}},"1":{"start":{"line":5,"column":0},"end":{"line":7,"column":17}},"2":{"start":{"line":6,"column":25},"end":{"line":6,"column":38}}},"fnMap":{"0":{"name":"(anonymous_0)","decl":{"start":{"line":6,"column":10},"end":{"line":6,"column":11}},"loc":{"start":{"line":6,"column":23},"end":{"line":6,"column":40}},"line":6}},"branchMap":{},"s":{"0":0,"1":0,"2":0},"f":{"0":0},"b":{}}
,"D:\\tianjiacheng\\image-screen-shoot\\src\\components\\image-screen-shoot\\index.js": {"path":"D:\\tianjiacheng\\image-screen-shoot\\src\\components\\image-screen-shoot\\index.js","statementMap":{"0":{"start":{"line":3,"column":15},"end":{"line":10,"column":1}},"1":{"start":{"line":5,"column":8},"end":{"line":5,"column":39}},"2":{"start":{"line":6,"column":8},"end":{"line":6,"column":25}},"3":{"start":{"line":7,"column":8},"end":{"line":7,"column":57}},"4":{"start":{"line":12,"column":0},"end":{"line":14,"column":1}},"5":{"start":{"line":13,"column":4},"end":{"line":13,"column":35}}},"fnMap":{"0":{"name":"(anonymous_0)","decl":{"start":{"line":4,"column":4},"end":{"line":4,"column":5}},"loc":{"start":{"line":4,"column":16},"end":{"line":8,"column":5}},"line":4}},"branchMap":{"0":{"loc":{"start":{"line":12,"column":0},"end":{"line":14,"column":1}},"type":"if","locations":[{"start":{"line":12,"column":0},"end":{"line":14,"column":1}},{"start":{"line":12,"column":0},"end":{"line":14,"column":1}}],"line":12},"1":{"loc":{"start":{"line":12,"column":4},"end":{"line":12,"column":47}},"type":"binary-expr","locations":[{"start":{"line":12,"column":4},"end":{"line":12,"column":33}},{"start":{"line":12,"column":37},"end":{"line":12,"column":47}}],"line":12}},"s":{"0":0,"1":0,"2":0,"3":0,"4":0,"5":0},"f":{"0":0},"b":{"0":[0,0],"1":[0,0]}}
,"D:\\tianjiacheng\\image-screen-shoot\\stories\\MyButton.js": {"path":"D:\\tianjiacheng\\image-screen-shoot\\stories\\MyButton.js","statementMap":{"0":{"start":{"line":5,"column":4},"end":{"line":15,"column":6}},"1":{"start":{"line":26,"column":6},"end":{"line":26,"column":26}}},"fnMap":{"0":{"name":"(anonymous_0)","decl":{"start":{"line":4,"column":2},"end":{"line":4,"column":3}},"loc":{"start":{"line":4,"column":9},"end":{"line":16,"column":3}},"line":4},"1":{"name":"(anonymous_1)","decl":{"start":{"line":25,"column":4},"end":{"line":25,"column":5}},"loc":{"start":{"line":25,"column":14},"end":{"line":27,"column":5}},"line":25}},"branchMap":{},"s":{"0":0,"1":0},"f":{"0":0,"1":0},"b":{}}
,"D:\\tianjiacheng\\image-screen-shoot\\stories\\Welcome.js": {"path":"D:\\tianjiacheng\\image-screen-shoot\\stories\\Welcome.js","statementMap":{"0":{"start":{"line":2,"column":12},"end":{"line":2,"column":54}},"1":{"start":{"line":2,"column":18},"end":{"line":2,"column":54}},"2":{"start":{"line":15,"column":4},"end":{"line":47,"column":6}},"3":{"start":{"line":117,"column":6},"end":{"line":117,"column":29}},"4":{"start":{"line":118,"column":6},"end":{"line":118,"column":21}}},"fnMap":{"0":{"name":"(anonymous_0)","decl":{"start":{"line":2,"column":12},"end":{"line":2,"column":13}},"loc":{"start":{"line":2,"column":18},"end":{"line":2,"column":54}},"line":2},"1":{"name":"(anonymous_1)","decl":{"start":{"line":14,"column":2},"end":{"line":14,"column":3}},"loc":{"start":{"line":14,"column":9},"end":{"line":48,"column":3}},"line":14},"2":{"name":"(anonymous_2)","decl":{"start":{"line":116,"column":4},"end":{"line":116,"column":5}},"loc":{"start":{"line":116,"column":19},"end":{"line":119,"column":5}},"line":116}},"branchMap":{},"s":{"0":0,"1":0,"2":0,"3":0,"4":0},"f":{"0":0,"1":0,"2":0},"b":{}}
}
